# JRE version: OpenJDK Runtime Environment Temurin-21.0.9+10 (21.0.9+10) (build 21.0.9+10-LTS)
# Java VM: OpenJDK 64-Bit Server VM Temurin-21.0.9+10 (21.0.9+10-LTS, mixed mode, sharing, tiered, compressed oops, compressed class ptrs, parallel gc, windows-amd64)
GC Precious Log:
 CardTable entry size: 512
 CPUs: 4 total, 4 available
 Memory: 3526M
 Large Page Support: Disabled
 NUMA Support: Disabled
 Compressed Oops: Enabled (32-bit)
 Alignments: Space 512K, Generation 512K, Heap 2M
 Heap Min Capacity: 100M
 Heap Initial Capacity: 100M
 Heap Max Capacity: 2G
 Pre-touch: Disabled
 Parallel Workers: 4
Heap:
 PSYoungGen      total 9728K, used 8997K [0x00000000d5580000, 0x00000000d6780000, 0x0000000100000000)
  eden space 9216K, 92% used [0x00000000d5580000,0x00000000d5dca4a8,0x00000000d5e80000)
  from space 512K, 99% used [0x00000000d6600000,0x00000000d667f2f0,0x00000000d6680000)
  to   space 1024K, 0% used [0x00000000d6680000,0x00000000d6680000,0x00000000d6780000)
 ParOldGen       total 68608K, used 48331K [0x0000000080000000, 0x0000000084300000, 0x00000000d5580000)
  object space 68608K, 70% used [0x0000000080000000,0x0000000082f32f68,0x0000000084300000)
 Metaspace       used 55840K, committed 57024K, reserved 1114112K
  class space    used 6287K, committed 6784K, reserved 1048576K
GC Heap History (20 events):
Event: 77.173 GC heap before
{Heap before GC invocations=26 (full 2):
 PSYoungGen      total 22016K, used 21806K [0x00000000d5580000, 0x00000000d6d00000, 0x0000000100000000)
  eden space 20992K, 99% used [0x00000000d5580000,0x00000000d69cd688,0x00000000d6a00000)
  from space 1024K, 99% used [0x00000000d6a80000,0x00000000d6b7e478,0x00000000d6b80000)
  to   space 1536K, 0% used [0x00000000d6b80000,0x00000000d6b80000,0x00000000d6d00000)
 ParOldGen       total 68608K, used 30610K [0x0000000080000000, 0x0000000084300000, 0x00000000d5580000)
  object space 68608K, 44% used [0x0000000080000000,0x0000000081de4b08,0x0000000084300000)
 Metaspace       used 53346K, committed 54528K, reserved 1114112K
  class space    used 5845K, committed 6336K, reserved 1048576K
}
Event: 77.190 GC heap after
{Heap after GC invocations=26 (full 2):
 PSYoungGen      total 10752K, used 1524K [0x00000000d5580000, 0x00000000d8400000, 0x0000000100000000)
  eden space 9216K, 0% used [0x00000000d5580000,0x00000000d5580000,0x00000000d5e80000)
  from space 1536K, 99% used [0x00000000d6b80000,0x00000000d6cfd048,0x00000000d6d00000)
  to   space 13312K, 0% used [0x00000000d5e80000,0x00000000d5e80000,0x00000000d6b80000)
 ParOldGen       total 68608K, used 40347K [0x0000000080000000, 0x0000000084300000, 0x00000000d5580000)
  object space 68608K, 58% used [0x0000000080000000,0x0000000082766e90,0x0000000084300000)
 Metaspace       used 53346K, committed 54528K, reserved 1114112K
  class space    used 5845K, committed 6336K, reserved 1048576K
}
Event: 78.295 GC heap before
{Heap before GC invocations=27 (full 2):
 PSYoungGen      total 10752K, used 10740K [0x00000000d5580000, 0x00000000d8400000, 0x0000000100000000)
  eden space 9216K, 100% used [0x00000000d5580000,0x00000000d5e80000,0x00000000d5e80000)
  from space 1536K, 99% used [0x00000000d6b80000,0x00000000d6cfd048,0x00000000d6d00000)
  to   space 13312K, 0% used [0x00000000d5e80000,0x00000000d5e80000,0x00000000d6b80000)
 ParOldGen       total 68608K, used 40347K [0x0000000080000000, 0x0000000084300000, 0x00000000d5580000)
  object space 68608K, 58% used [0x0000000080000000,0x0000000082766e90,0x0000000084300000)
 Metaspace       used 54113K, committed 55296K, reserved 1114112K
  class space    used 5973K, committed 6464K, reserved 1048576K
}
Event: 78.300 GC heap after
{Heap after GC invocations=27 (full 2):
 PSYoungGen      total 10752K, used 1486K [0x00000000d5580000, 0x00000000d6c00000, 0x0000000100000000)
  eden space 9216K, 0% used [0x00000000d5580000,0x00000000d5580000,0x00000000d5e80000)
  from space 1536K, 96% used [0x00000000d5e80000,0x00000000d5ff38c8,0x00000000d6000000)
  to   space 5120K, 0% used [0x00000000d6700000,0x00000000d6700000,0x00000000d6c00000)
 ParOldGen       total 68608K, used 41846K [0x0000000080000000, 0x0000000084300000, 0x00000000d5580000)
  object space 68608K, 60% used [0x0000000080000000,0x00000000828dd930,0x0000000084300000)
 Metaspace       used 54113K, committed 55296K, reserved 1114112K
  class space    used 5973K, committed 6464K, reserved 1048576K
}
Event: 78.609 GC heap before
{Heap before GC invocations=28 (full 2):
 PSYoungGen      total 10752K, used 10692K [0x00000000d5580000, 0x00000000d6c00000, 0x0000000100000000)
  eden space 9216K, 99% used [0x00000000d5580000,0x00000000d5e7da70,0x00000000d5e80000)
  from space 1536K, 96% used [0x00000000d5e80000,0x00000000d5ff38c8,0x00000000d6000000)
  to   space 5120K, 0% used [0x00000000d6700000,0x00000000d6700000,0x00000000d6c00000)
 ParOldGen       total 68608K, used 41846K [0x0000000080000000, 0x0000000084300000, 0x00000000d5580000)
  object space 68608K, 60% used [0x0000000080000000,0x00000000828dd930,0x0000000084300000)
 Metaspace       used 54873K, committed 56064K, reserved 1114112K
  class space    used 6125K, committed 6656K, reserved 1048576K
}
Event: 78.628 GC heap after
{Heap after GC invocations=28 (full 2):
 PSYoungGen      total 9728K, used 384K [0x00000000d5580000, 0x00000000d6780000, 0x0000000100000000)
  eden space 9216K, 0% used [0x00000000d5580000,0x00000000d5580000,0x00000000d5e80000)
  from space 512K, 75% used [0x00000000d6700000,0x00000000d6760000,0x00000000d6780000)
  to   space 1536K, 0% used [0x00000000d6480000,0x00000000d6480000,0x00000000d6600000)
 ParOldGen       total 68608K, used 43256K [0x0000000080000000, 0x0000000084300000, 0x00000000d5580000)
  object space 68608K, 63% used [0x0000000080000000,0x0000000082a3e158,0x0000000084300000)
 Metaspace       used 54873K, committed 56064K, reserved 1114112K
  class space    used 6125K, committed 6656K, reserved 1048576K
}
Event: 79.204 GC heap before
{Heap before GC invocations=29 (full 2):
 PSYoungGen      total 9728K, used 9600K [0x00000000d5580000, 0x00000000d6780000, 0x0000000100000000)
  eden space 9216K, 100% used [0x00000000d5580000,0x00000000d5e80000,0x00000000d5e80000)
  from space 512K, 75% used [0x00000000d6700000,0x00000000d6760000,0x00000000d6780000)
  to   space 1536K, 0% used [0x00000000d6480000,0x00000000d6480000,0x00000000d6600000)
 ParOldGen       total 68608K, used 43256K [0x0000000080000000, 0x0000000084300000, 0x00000000d5580000)
  object space 68608K, 63% used [0x0000000080000000,0x0000000082a3e158,0x0000000084300000)
 Metaspace       used 55415K, committed 56576K, reserved 1114112K
  class space    used 6216K, committed 6720K, reserved 1048576K
}
Event: 79.206 GC heap after
{Heap after GC invocations=29 (full 2):
 PSYoungGen      total 10752K, used 416K [0x00000000d5580000, 0x00000000d6780000, 0x0000000100000000)
  eden space 9216K, 0% used [0x00000000d5580000,0x00000000d5580000,0x00000000d5e80000)
  from space 1536K, 27% used [0x00000000d6480000,0x00000000d64e8000,0x00000000d6600000)
  to   space 1024K, 0% used [0x00000000d6680000,0x00000000d6680000,0x00000000d6780000)
 ParOldGen       total 68608K, used 43552K [0x0000000080000000, 0x0000000084300000, 0x00000000d5580000)
  object space 68608K, 63% used [0x0000000080000000,0x0000000082a88168,0x0000000084300000)
 Metaspace       used 55415K, committed 56576K, reserved 1114112K
  class space    used 6216K, committed 6720K, reserved 1048576K
}
Event: 79.604 GC heap before
{Heap before GC invocations=30 (full 2):
 PSYoungGen      total 10752K, used 9632K [0x00000000d5580000, 0x00000000d6780000, 0x0000000100000000)
  eden space 9216K, 100% used [0x00000000d5580000,0x00000000d5e80000,0x00000000d5e80000)
  from space 1536K, 27% used [0x00000000d6480000,0x00000000d64e8000,0x00000000d6600000)
  to   space 1024K, 0% used [0x00000000d6680000,0x00000000d6680000,0x00000000d6780000)
 ParOldGen       total 68608K, used 43552K [0x0000000080000000, 0x0000000084300000, 0x00000000d5580000)
  object space 68608K, 63% used [0x0000000080000000,0x0000000082a88168,0x0000000084300000)
 Metaspace       used 55608K, committed 56832K, reserved 1114112K
  class space    used 6239K, committed 6720K, reserved 1048576K
}
Event: 79.607 GC heap after
{Heap after GC invocations=30 (full 2):
 PSYoungGen      total 9728K, used 320K [0x00000000d5580000, 0x00000000d6700000, 0x0000000100000000)
  eden space 9216K, 0% used [0x00000000d5580000,0x00000000d5580000,0x00000000d5e80000)
  from space 512K, 62% used [0x00000000d6680000,0x00000000d66d0000,0x00000000d6700000)
  to   space 512K, 0% used [0x00000000d6600000,0x00000000d6600000,0x00000000d6680000)
 ParOldGen       total 68608K, used 43904K [0x0000000080000000, 0x0000000084300000, 0x00000000d5580000)
  object space 68608K, 63% used [0x0000000080000000,0x0000000082ae0168,0x0000000084300000)
 Metaspace       used 55608K, committed 56832K, reserved 1114112K
  class space    used 6239K, committed 6720K, reserved 1048576K
}
Event: 80.112 GC heap before
{Heap before GC invocations=31 (full 2):
 PSYoungGen      total 9728K, used 9536K [0x00000000d5580000, 0x00000000d6700000, 0x0000000100000000)
  eden space 9216K, 100% used [0x00000000d5580000,0x00000000d5e80000,0x00000000d5e80000)
  from space 512K, 62% used [0x00000000d6680000,0x00000000d66d0000,0x00000000d6700000)
  to   space 512K, 0% used [0x00000000d6600000,0x00000000d6600000,0x00000000d6680000)
 ParOldGen       total 68608K, used 43904K [0x0000000080000000, 0x0000000084300000, 0x00000000d5580000)
  object space 68608K, 63% used [0x0000000080000000,0x0000000082ae0168,0x0000000084300000)
 Metaspace       used 55629K, committed 56832K, reserved 1114112K
  class space    used 6239K, committed 6720K, reserved 1048576K
}
Event: 80.114 GC heap after
{Heap after GC invocations=31 (full 2):
 PSYoungGen      total 9728K, used 256K [0x00000000d5580000, 0x00000000d6700000, 0x0000000100000000)
  eden space 9216K, 0% used [0x00000000d5580000,0x00000000d5580000,0x00000000d5e80000)
  from space 512K, 50% used [0x00000000d6600000,0x00000000d6640000,0x00000000d6680000)
  to   space 512K, 0% used [0x00000000d6680000,0x00000000d6680000,0x00000000d6700000)
 ParOldGen       total 68608K, used 44129K [0x0000000080000000, 0x0000000084300000, 0x00000000d5580000)
  object space 68608K, 64% used [0x0000000080000000,0x0000000082b186f0,0x0000000084300000)
 Metaspace       used 55629K, committed 56832K, reserved 1114112K
  class space    used 6239K, committed 6720K, reserved 1048576K
}
Event: 80.621 GC heap before
{Heap before GC invocations=32 (full 2):
 PSYoungGen      total 9728K, used 9472K [0x00000000d5580000, 0x00000000d6700000, 0x0000000100000000)
  eden space 9216K, 100% used [0x00000000d5580000,0x00000000d5e80000,0x00000000d5e80000)
  from space 512K, 50% used [0x00000000d6600000,0x00000000d6640000,0x00000000d6680000)
  to   space 512K, 0% used [0x00000000d6680000,0x00000000d6680000,0x00000000d6700000)
 ParOldGen       total 68608K, used 44129K [0x0000000080000000, 0x0000000084300000, 0x00000000d5580000)
  object space 68608K, 64% used [0x0000000080000000,0x0000000082b186f0,0x0000000084300000)
 Metaspace       used 55633K, committed 56832K, reserved 1114112K
  class space    used 6239K, committed 6720K, reserved 1048576K
}
Event: 80.623 GC heap after
{Heap after GC invocations=32 (full 2):
 PSYoungGen      total 9728K, used 320K [0x00000000d5580000, 0x00000000d6700000, 0x0000000100000000)
  eden space 9216K, 0% used [0x00000000d5580000,0x00000000d5580000,0x00000000d5e80000)
  from space 512K, 62% used [0x00000000d6680000,0x00000000d66d0000,0x00000000d6700000)
  to   space 512K, 0% used [0x00000000d6600000,0x00000000d6600000,0x00000000d6680000)
 ParOldGen       total 68608K, used 44337K [0x0000000080000000, 0x0000000084300000, 0x00000000d5580000)
  object space 68608K, 64% used [0x0000000080000000,0x0000000082b4c6f0,0x0000000084300000)
 Metaspace       used 55633K, committed 56832K, reserved 1114112K
  class space    used 6239K, committed 6720K, reserved 1048576K
}
Event: 81.138 GC heap before
{Heap before GC invocations=33 (full 2):
 PSYoungGen      total 9728K, used 9536K [0x00000000d5580000, 0x00000000d6700000, 0x0000000100000000)
  eden space 9216K, 100% used [0x00000000d5580000,0x00000000d5e80000,0x00000000d5e80000)
  from space 512K, 62% used [0x00000000d6680000,0x00000000d66d0000,0x00000000d6700000)
  to   space 512K, 0% used [0x00000000d6600000,0x00000000d6600000,0x00000000d6680000)
 ParOldGen       total 68608K, used 44337K [0x0000000080000000, 0x0000000084300000, 0x00000000d5580000)
  object space 68608K, 64% used [0x0000000080000000,0x0000000082b4c6f0,0x0000000084300000)
 Metaspace       used 55634K, committed 56832K, reserved 1114112K
  class space    used 6239K, committed 6720K, reserved 1048576K
}
Event: 81.140 GC heap after
{Heap after GC invocations=33 (full 2):
 PSYoungGen      total 9728K, used 384K [0x00000000d5580000, 0x00000000d6700000, 0x0000000100000000)
  eden space 9216K, 0% used [0x00000000d5580000,0x00000000d5580000,0x00000000d5e80000)
  from space 512K, 75% used [0x00000000d6600000,0x00000000d6660000,0x00000000d6680000)
  to   space 512K, 0% used [0x00000000d6680000,0x00000000d6680000,0x00000000d6700000)
 ParOldGen       total 68608K, used 44577K [0x0000000080000000, 0x0000000084300000, 0x00000000d5580000)
  object space 68608K, 64% used [0x0000000080000000,0x0000000082b886f0,0x0000000084300000)
 Metaspace       used 55634K, committed 56832K, reserved 1114112K
  class space    used 6239K, committed 6720K, reserved 1048576K
}
Event: 81.531 GC heap before
{Heap before GC invocations=34 (full 2):
 PSYoungGen      total 9728K, used 9600K [0x00000000d5580000, 0x00000000d6700000, 0x0000000100000000)
  eden space 9216K, 100% used [0x00000000d5580000,0x00000000d5e80000,0x00000000d5e80000)
  from space 512K, 75% used [0x00000000d6600000,0x00000000d6660000,0x00000000d6680000)
  to   space 512K, 0% used [0x00000000d6680000,0x00000000d6680000,0x00000000d6700000)
 ParOldGen       total 68608K, used 44577K [0x0000000080000000, 0x0000000084300000, 0x00000000d5580000)
  object space 68608K, 64% used [0x0000000080000000,0x0000000082b886f0,0x0000000084300000)
 Metaspace       used 55635K, committed 56832K, reserved 1114112K
  class space    used 6239K, committed 6720K, reserved 1048576K
}
Event: 81.533 GC heap after
{Heap after GC invocations=34 (full 2):
 PSYoungGen      total 9728K, used 288K [0x00000000d5580000, 0x00000000d6700000, 0x0000000100000000)
  eden space 9216K, 0% used [0x00000000d5580000,0x00000000d5580000,0x00000000d5e80000)
  from space 512K, 56% used [0x00000000d6680000,0x00000000d66c8000,0x00000000d6700000)
  to   space 512K, 0% used [0x00000000d6600000,0x00000000d6600000,0x00000000d6680000)
 ParOldGen       total 68608K, used 44873K [0x0000000080000000, 0x0000000084300000, 0x00000000d5580000)
  object space 68608K, 65% used [0x0000000080000000,0x0000000082bd26f0,0x0000000084300000)
 Metaspace       used 55635K, committed 56832K, reserved 1114112K
  class space    used 6239K, committed 6720K, reserved 1048576K
}
Event: 81.918 GC heap before
{Heap before GC invocations=35 (full 2):
 PSYoungGen      total 9728K, used 9504K [0x00000000d5580000, 0x00000000d6700000, 0x0000000100000000)
  eden space 9216K, 100% used [0x00000000d5580000,0x00000000d5e80000,0x00000000d5e80000)
  from space 512K, 56% used [0x00000000d6680000,0x00000000d66c8000,0x00000000d6700000)
  to   space 512K, 0% used [0x00000000d6600000,0x00000000d6600000,0x00000000d6680000)
 ParOldGen       total 68608K, used 44873K [0x0000000080000000, 0x0000000084300000, 0x00000000d5580000)
  object space 68608K, 65% used [0x0000000080000000,0x0000000082bd26f0,0x0000000084300000)
 Metaspace       used 55646K, committed 56832K, reserved 1114112K
  class space    used 6240K, committed 6720K, reserved 1048576K
}
Event: 81.922 GC heap after
{Heap after GC invocations=35 (full 2):
 PSYoungGen      total 9728K, used 508K [0x00000000d5580000, 0x00000000d6780000, 0x0000000100000000)
  eden space 9216K, 0% used [0x00000000d5580000,0x00000000d5580000,0x00000000d5e80000)
  from space 512K, 99% used [0x00000000d6600000,0x00000000d667f2f0,0x00000000d6680000)
  to   space 1024K, 0% used [0x00000000d6680000,0x00000000d6680000,0x00000000d6780000)
 ParOldGen       total 68608K, used 48331K [0x0000000080000000, 0x0000000084300000, 0x00000000d5580000)
  object space 68608K, 70% used [0x0000000080000000,0x0000000082f32f68,0x0000000084300000)
 Metaspace       used 55646K, committed 56832K, reserved 1114112K
  class space    used 6240K, committed 6720K, reserved 1048576K
}

