# JRE version: OpenJDK Runtime Environment Temurin-21.0.9+10 (21.0.9+10) (build 21.0.9+10-LTS)
# Java VM: OpenJDK 64-Bit Server VM Temurin-21.0.9+10 (21.0.9+10-LTS, mixed mode, sharing, tiered, compressed oops, compressed class ptrs, parallel gc, windows-amd64)
GC Precious Log:
 CardTable entry size: 512
 CPUs: 4 total, 4 available
 Memory: 3526M
 Large Page Support: Disabled
 NUMA Support: Disabled
 Compressed Oops: Enabled (32-bit)
 Alignments: Space 512K, Generation 512K, Heap 2M
 Heap Min Capacity: 100M
 Heap Initial Capacity: 100M
 Heap Max Capacity: 2G
 Pre-touch: Disabled
 Parallel Workers: 4
Heap:
 PSYoungGen      total 23040K, used 9119K [0x00000000d5580000, 0x00000000d6f00000, 0x0000000100000000)
  eden space 19456K, 34% used [0x00000000d5580000,0x00000000d5c10ef0,0x00000000d6880000)
  from space 3584K, 66% used [0x00000000d6880000,0x00000000d6ad7020,0x00000000d6c00000)
  to   space 3072K, 0% used [0x00000000d6c00000,0x00000000d6c00000,0x00000000d6f00000)
 ParOldGen       total 68608K, used 57391K [0x0000000080000000, 0x0000000084300000, 0x00000000d5580000)
  object space 68608K, 83% used [0x0000000080000000,0x000000008380bf38,0x0000000084300000)
 Metaspace       used 53005K, committed 54272K, reserved 1114112K
  class space    used 6075K, committed 6656K, reserved 1048576K
GC Heap History (20 events):
Event: 32.686 GC heap before
{Heap before GC invocations=20 (full 2):
 PSYoungGen      total 24064K, used 23975K [0x00000000d5580000, 0x00000000d7080000, 0x0000000100000000)
  eden space 22016K, 100% used [0x00000000d5580000,0x00000000d6b00000,0x00000000d6b00000)
  from space 2048K, 95% used [0x00000000d6b00000,0x00000000d6ce9d18,0x00000000d6d00000)
  to   space 2560K, 0% used [0x00000000d6e00000,0x00000000d6e00000,0x00000000d7080000)
 ParOldGen       total 68608K, used 24967K [0x0000000080000000, 0x0000000084300000, 0x00000000d5580000)
  object space 68608K, 36% used [0x0000000080000000,0x0000000081861fd8,0x0000000084300000)
 Metaspace       used 44829K, committed 45952K, reserved 1114112K
  class space    used 4858K, committed 5376K, reserved 1048576K
}
Event: 32.693 GC heap after
{Heap after GC invocations=20 (full 2):
 PSYoungGen      total 23552K, used 1040K [0x00000000d5580000, 0x00000000d6f80000, 0x0000000100000000)
  eden space 22016K, 0% used [0x00000000d5580000,0x00000000d5580000,0x00000000d6b00000)
  from space 1536K, 67% used [0x00000000d6e00000,0x00000000d6f04010,0x00000000d6f80000)
  to   space 1536K, 0% used [0x00000000d6c80000,0x00000000d6c80000,0x00000000d6e00000)
 ParOldGen       total 68608K, used 25847K [0x0000000080000000, 0x0000000084300000, 0x00000000d5580000)
  object space 68608K, 37% used [0x0000000080000000,0x000000008193dfe8,0x0000000084300000)
 Metaspace       used 44829K, committed 45952K, reserved 1114112K
  class space    used 4858K, committed 5376K, reserved 1048576K
}
Event: 35.220 GC heap before
{Heap before GC invocations=21 (full 2):
 PSYoungGen      total 23552K, used 23056K [0x00000000d5580000, 0x00000000d6f80000, 0x0000000100000000)
  eden space 22016K, 100% used [0x00000000d5580000,0x00000000d6b00000,0x00000000d6b00000)
  from space 1536K, 67% used [0x00000000d6e00000,0x00000000d6f04010,0x00000000d6f80000)
  to   space 1536K, 0% used [0x00000000d6c80000,0x00000000d6c80000,0x00000000d6e00000)
 ParOldGen       total 68608K, used 25847K [0x0000000080000000, 0x0000000084300000, 0x00000000d5580000)
  object space 68608K, 37% used [0x0000000080000000,0x000000008193dfe8,0x0000000084300000)
 Metaspace       used 46017K, committed 47296K, reserved 1114112K
  class space    used 4973K, committed 5504K, reserved 1048576K
}
Event: 35.235 GC heap after
{Heap after GC invocations=21 (full 2):
 PSYoungGen      total 23552K, used 1536K [0x00000000d5580000, 0x00000000d8100000, 0x0000000100000000)
  eden space 22016K, 0% used [0x00000000d5580000,0x00000000d5580000,0x00000000d6b00000)
  from space 1536K, 100% used [0x00000000d6c80000,0x00000000d6e00000,0x00000000d6e00000)
  to   space 11264K, 0% used [0x00000000d7600000,0x00000000d7600000,0x00000000d8100000)
 ParOldGen       total 68608K, used 33920K [0x0000000080000000, 0x0000000084300000, 0x00000000d5580000)
  object space 68608K, 49% used [0x0000000080000000,0x0000000082120030,0x0000000084300000)
 Metaspace       used 46017K, committed 47296K, reserved 1114112K
  class space    used 4973K, committed 5504K, reserved 1048576K
}
Event: 35.806 GC heap before
{Heap before GC invocations=22 (full 2):
 PSYoungGen      total 23552K, used 23552K [0x00000000d5580000, 0x00000000d8100000, 0x0000000100000000)
  eden space 22016K, 100% used [0x00000000d5580000,0x00000000d6b00000,0x00000000d6b00000)
  from space 1536K, 100% used [0x00000000d6c80000,0x00000000d6e00000,0x00000000d6e00000)
  to   space 11264K, 0% used [0x00000000d7600000,0x00000000d7600000,0x00000000d8100000)
 ParOldGen       total 68608K, used 33920K [0x0000000080000000, 0x0000000084300000, 0x00000000d5580000)
  object space 68608K, 49% used [0x0000000080000000,0x0000000082120030,0x0000000084300000)
 Metaspace       used 46507K, committed 47616K, reserved 1114112K
  class space    used 5027K, committed 5504K, reserved 1048576K
}
Event: 35.825 GC heap after
{Heap after GC invocations=22 (full 2):
 PSYoungGen      total 31232K, used 9109K [0x00000000d5580000, 0x00000000d7f00000, 0x0000000100000000)
  eden space 22016K, 0% used [0x00000000d5580000,0x00000000d5580000,0x00000000d6b00000)
  from space 9216K, 98% used [0x00000000d7600000,0x00000000d7ee5540,0x00000000d7f00000)
  to   space 9728K, 0% used [0x00000000d6c00000,0x00000000d6c00000,0x00000000d7580000)
 ParOldGen       total 68608K, used 35162K [0x0000000080000000, 0x0000000084300000, 0x00000000d5580000)
  object space 68608K, 51% used [0x0000000080000000,0x0000000082256af0,0x0000000084300000)
 Metaspace       used 46507K, committed 47616K, reserved 1114112K
  class space    used 5027K, committed 5504K, reserved 1048576K
}
Event: 43.062 GC heap before
{Heap before GC invocations=23 (full 2):
 PSYoungGen      total 31232K, used 31114K [0x00000000d5580000, 0x00000000d7f00000, 0x0000000100000000)
  eden space 22016K, 99% used [0x00000000d5580000,0x00000000d6afd338,0x00000000d6b00000)
  from space 9216K, 98% used [0x00000000d7600000,0x00000000d7ee5540,0x00000000d7f00000)
  to   space 9728K, 0% used [0x00000000d6c00000,0x00000000d6c00000,0x00000000d7580000)
 ParOldGen       total 68608K, used 35162K [0x0000000080000000, 0x0000000084300000, 0x00000000d5580000)
  object space 68608K, 51% used [0x0000000080000000,0x0000000082256af0,0x0000000084300000)
 Metaspace       used 47904K, committed 49088K, reserved 1114112K
  class space    used 5190K, committed 5696K, reserved 1048576K
}
Event: 43.077 GC heap after
{Heap after GC invocations=23 (full 2):
 PSYoungGen      total 23040K, used 992K [0x00000000d5580000, 0x00000000d7680000, 0x0000000100000000)
  eden space 22016K, 0% used [0x00000000d5580000,0x00000000d5580000,0x00000000d6b00000)
  from space 1024K, 96% used [0x00000000d6c00000,0x00000000d6cf8000,0x00000000d6d00000)
  to   space 4096K, 0% used [0x00000000d7280000,0x00000000d7280000,0x00000000d7680000)
 ParOldGen       total 68608K, used 44229K [0x0000000080000000, 0x0000000084300000, 0x00000000d5580000)
  object space 68608K, 64% used [0x0000000080000000,0x0000000082b316f0,0x0000000084300000)
 Metaspace       used 47904K, committed 49088K, reserved 1114112K
  class space    used 5190K, committed 5696K, reserved 1048576K
}
Event: 47.866 GC heap before
{Heap before GC invocations=24 (full 2):
 PSYoungGen      total 23040K, used 22935K [0x00000000d5580000, 0x00000000d7680000, 0x0000000100000000)
  eden space 22016K, 99% used [0x00000000d5580000,0x00000000d6aedfc8,0x00000000d6b00000)
  from space 1024K, 96% used [0x00000000d6c00000,0x00000000d6cf8000,0x00000000d6d00000)
  to   space 4096K, 0% used [0x00000000d7280000,0x00000000d7280000,0x00000000d7680000)
 ParOldGen       total 68608K, used 44229K [0x0000000080000000, 0x0000000084300000, 0x00000000d5580000)
  object space 68608K, 64% used [0x0000000080000000,0x0000000082b316f0,0x0000000084300000)
 Metaspace       used 49338K, committed 50560K, reserved 1114112K
  class space    used 5422K, committed 5952K, reserved 1048576K
}
Event: 47.879 GC heap after
{Heap after GC invocations=24 (full 2):
 PSYoungGen      total 23552K, used 4085K [0x00000000d5580000, 0x00000000d7f00000, 0x0000000100000000)
  eden space 19456K, 0% used [0x00000000d5580000,0x00000000d5580000,0x00000000d6880000)
  from space 4096K, 99% used [0x00000000d7280000,0x00000000d767d548,0x00000000d7680000)
  to   space 10240K, 0% used [0x00000000d6880000,0x00000000d6880000,0x00000000d7280000)
 ParOldGen       total 68608K, used 48953K [0x0000000080000000, 0x0000000084300000, 0x00000000d5580000)
  object space 68608K, 71% used [0x0000000080000000,0x0000000082fce760,0x0000000084300000)
 Metaspace       used 49338K, committed 50560K, reserved 1114112K
  class space    used 5422K, committed 5952K, reserved 1048576K
}
Event: 49.733 GC heap before
{Heap before GC invocations=25 (full 2):
 PSYoungGen      total 23552K, used 23541K [0x00000000d5580000, 0x00000000d7f00000, 0x0000000100000000)
  eden space 19456K, 100% used [0x00000000d5580000,0x00000000d6880000,0x00000000d6880000)
  from space 4096K, 99% used [0x00000000d7280000,0x00000000d767d548,0x00000000d7680000)
  to   space 10240K, 0% used [0x00000000d6880000,0x00000000d6880000,0x00000000d7280000)
 ParOldGen       total 68608K, used 48953K [0x0000000080000000, 0x0000000084300000, 0x00000000d5580000)
  object space 68608K, 71% used [0x0000000080000000,0x0000000082fce760,0x0000000084300000)
 Metaspace       used 50979K, committed 52224K, reserved 1114112K
  class space    used 5722K, committed 6272K, reserved 1048576K
}
Event: 49.738 GC heap after
{Heap after GC invocations=25 (full 2):
 PSYoungGen      total 20992K, used 1119K [0x00000000d5580000, 0x00000000d7300000, 0x0000000100000000)
  eden space 19456K, 0% used [0x00000000d5580000,0x00000000d5580000,0x00000000d6880000)
  from space 1536K, 72% used [0x00000000d6880000,0x00000000d6997f00,0x00000000d6a00000)
  to   space 4096K, 0% used [0x00000000d6f00000,0x00000000d6f00000,0x00000000d7300000)
 ParOldGen       total 68608K, used 52956K [0x0000000080000000, 0x0000000084300000, 0x00000000d5580000)
  object space 68608K, 77% used [0x0000000080000000,0x00000000833b7318,0x0000000084300000)
 Metaspace       used 50979K, committed 52224K, reserved 1114112K
  class space    used 5722K, committed 6272K, reserved 1048576K
}
Event: 51.283 GC heap before
{Heap before GC invocations=26 (full 2):
 PSYoungGen      total 20992K, used 20575K [0x00000000d5580000, 0x00000000d7300000, 0x0000000100000000)
  eden space 19456K, 100% used [0x00000000d5580000,0x00000000d6880000,0x00000000d6880000)
  from space 1536K, 72% used [0x00000000d6880000,0x00000000d6997f00,0x00000000d6a00000)
  to   space 4096K, 0% used [0x00000000d6f00000,0x00000000d6f00000,0x00000000d7300000)
 ParOldGen       total 68608K, used 52956K [0x0000000080000000, 0x0000000084300000, 0x00000000d5580000)
  object space 68608K, 77% used [0x0000000080000000,0x00000000833b7318,0x0000000084300000)
 Metaspace       used 51623K, committed 52864K, reserved 1114112K
  class space    used 5814K, committed 6336K, reserved 1048576K
}
Event: 51.308 GC heap after
{Heap after GC invocations=26 (full 2):
 PSYoungGen      total 20480K, used 544K [0x00000000d5580000, 0x00000000d7000000, 0x0000000100000000)
  eden space 19456K, 0% used [0x00000000d5580000,0x00000000d5580000,0x00000000d6880000)
  from space 1024K, 53% used [0x00000000d6f00000,0x00000000d6f88000,0x00000000d7000000)
  to   space 1536K, 0% used [0x00000000d6d00000,0x00000000d6d00000,0x00000000d6e80000)
 ParOldGen       total 68608K, used 54008K [0x0000000080000000, 0x0000000084300000, 0x00000000d5580000)
  object space 68608K, 78% used [0x0000000080000000,0x00000000834be180,0x0000000084300000)
 Metaspace       used 51623K, committed 52864K, reserved 1114112K
  class space    used 5814K, committed 6336K, reserved 1048576K
}
Event: 53.333 GC heap before
{Heap before GC invocations=27 (full 2):
 PSYoungGen      total 20480K, used 20000K [0x00000000d5580000, 0x00000000d7000000, 0x0000000100000000)
  eden space 19456K, 100% used [0x00000000d5580000,0x00000000d6880000,0x00000000d6880000)
  from space 1024K, 53% used [0x00000000d6f00000,0x00000000d6f88000,0x00000000d7000000)
  to   space 1536K, 0% used [0x00000000d6d00000,0x00000000d6d00000,0x00000000d6e80000)
 ParOldGen       total 68608K, used 54008K [0x0000000080000000, 0x0000000084300000, 0x00000000d5580000)
  object space 68608K, 78% used [0x0000000080000000,0x00000000834be180,0x0000000084300000)
 Metaspace       used 51644K, committed 52864K, reserved 1114112K
  class space    used 5814K, committed 6336K, reserved 1048576K
}
Event: 53.345 GC heap after
{Heap after GC invocations=27 (full 2):
 PSYoungGen      total 20992K, used 576K [0x00000000d5580000, 0x00000000d6f80000, 0x0000000100000000)
  eden space 19456K, 0% used [0x00000000d5580000,0x00000000d5580000,0x00000000d6880000)
  from space 1536K, 37% used [0x00000000d6d00000,0x00000000d6d90000,0x00000000d6e80000)
  to   space 1024K, 0% used [0x00000000d6e80000,0x00000000d6e80000,0x00000000d6f80000)
 ParOldGen       total 68608K, used 54455K [0x0000000080000000, 0x0000000084300000, 0x00000000d5580000)
  object space 68608K, 79% used [0x0000000080000000,0x000000008352de38,0x0000000084300000)
 Metaspace       used 51644K, committed 52864K, reserved 1114112K
  class space    used 5814K, committed 6336K, reserved 1048576K
}
Event: 55.088 GC heap before
{Heap before GC invocations=28 (full 2):
 PSYoungGen      total 20992K, used 20026K [0x00000000d5580000, 0x00000000d6f80000, 0x0000000100000000)
  eden space 19456K, 99% used [0x00000000d5580000,0x00000000d687ead0,0x00000000d6880000)
  from space 1536K, 37% used [0x00000000d6d00000,0x00000000d6d90000,0x00000000d6e80000)
  to   space 1024K, 0% used [0x00000000d6e80000,0x00000000d6e80000,0x00000000d6f80000)
 ParOldGen       total 68608K, used 54455K [0x0000000080000000, 0x0000000084300000, 0x00000000d5580000)
  object space 68608K, 79% used [0x0000000080000000,0x000000008352de38,0x0000000084300000)
 Metaspace       used 51661K, committed 52864K, reserved 1114112K
  class space    used 5814K, committed 6336K, reserved 1048576K
}
Event: 55.094 GC heap after
{Heap after GC invocations=28 (full 2):
 PSYoungGen      total 20480K, used 1015K [0x00000000d5580000, 0x00000000d6f80000, 0x0000000100000000)
  eden space 19456K, 0% used [0x00000000d5580000,0x00000000d5580000,0x00000000d6880000)
  from space 1024K, 99% used [0x00000000d6e80000,0x00000000d6f7dd00,0x00000000d6f80000)
  to   space 3584K, 0% used [0x00000000d6880000,0x00000000d6880000,0x00000000d6c00000)
 ParOldGen       total 68608K, used 56407K [0x0000000080000000, 0x0000000084300000, 0x00000000d5580000)
  object space 68608K, 82% used [0x0000000080000000,0x0000000083715f68,0x0000000084300000)
 Metaspace       used 51661K, committed 52864K, reserved 1114112K
  class space    used 5814K, committed 6336K, reserved 1048576K
}
Event: 56.398 GC heap before
{Heap before GC invocations=29 (full 2):
 PSYoungGen      total 20480K, used 20471K [0x00000000d5580000, 0x00000000d6f80000, 0x0000000100000000)
  eden space 19456K, 100% used [0x00000000d5580000,0x00000000d6880000,0x00000000d6880000)
  from space 1024K, 99% used [0x00000000d6e80000,0x00000000d6f7dd00,0x00000000d6f80000)
  to   space 3584K, 0% used [0x00000000d6880000,0x00000000d6880000,0x00000000d6c00000)
 ParOldGen       total 68608K, used 56407K [0x0000000080000000, 0x0000000084300000, 0x00000000d5580000)
  object space 68608K, 82% used [0x0000000080000000,0x0000000083715f68,0x0000000084300000)
 Metaspace       used 52307K, committed 53568K, reserved 1114112K
  class space    used 5961K, committed 6528K, reserved 1048576K
}
Event: 56.404 GC heap after
{Heap after GC invocations=29 (full 2):
 PSYoungGen      total 23040K, used 2396K [0x00000000d5580000, 0x00000000d6f00000, 0x0000000100000000)
  eden space 19456K, 0% used [0x00000000d5580000,0x00000000d5580000,0x00000000d6880000)
  from space 3584K, 66% used [0x00000000d6880000,0x00000000d6ad7020,0x00000000d6c00000)
  to   space 3072K, 0% used [0x00000000d6c00000,0x00000000d6c00000,0x00000000d6f00000)
 ParOldGen       total 68608K, used 57391K [0x0000000080000000, 0x0000000084300000, 0x00000000d5580000)
  object space 68608K, 83% used [0x0000000080000000,0x000000008380bf38,0x0000000084300000)
 Metaspace       used 52307K, committed 53568K, reserved 1114112K
  class space    used 5961K, committed 6528K, reserved 1048576K
}

