# JRE version: OpenJDK Runtime Environment Temurin-17.0.11+9 (17.0.11+9) (build 17.0.11+9)
# Java VM: OpenJDK 64-Bit Server VM Temurin-17.0.11+9 (17.0.11+9, mixed mode, sharing, tiered, compressed oops, compressed class ptrs, g1 gc, windows-amd64)
GC Precious Log:
 CPUs: 4 total, 4 available
 Memory: 3526M
 Large Page Support: Disabled
 NUMA Support: Disabled
 Compressed Oops: Enabled (32-bit)
 Heap Region Size: 1M
 Heap Min Capacity: 8M
 Heap Initial Capacity: 56M
 Heap Max Capacity: 2G
 Pre-touch: Disabled
 Parallel Workers: 4
 Concurrent Workers: 1
 Concurrent Refinement Workers: 4
 Periodic GC: Disabled
Heap:
 garbage-first heap   total 57344K, used 38226K [0x0000000080000000, 0x0000000100000000)
  region size 1024K, 18 young (18432K), 3 survivors (3072K)
 Metaspace       used 22781K, committed 23168K, reserved 491520K
  class space    used 3183K, committed 3392K, reserved 425984K
GC Heap History (18 events):
Event: 4.090 GC heap before
{Heap before GC invocations=0 (full 0):
 garbage-first heap   total 57344K, used 12288K [0x0000000080000000, 0x0000000100000000)
  region size 1024K, 13 young (13312K), 0 survivors (0K)
 Metaspace       used 774K, committed 896K, reserved 491520K
  class space    used 61K, committed 128K, reserved 425984K
}
Event: 4.116 GC heap after
{Heap after GC invocations=1 (full 0):
 garbage-first heap   total 57344K, used 1288K [0x0000000080000000, 0x0000000100000000)
  region size 1024K, 2 young (2048K), 2 survivors (2048K)
 Metaspace       used 774K, committed 896K, reserved 491520K
  class space    used 61K, committed 128K, reserved 425984K
}
Event: 11.381 GC heap before
{Heap before GC invocations=1 (full 0):
 garbage-first heap   total 57344K, used 21768K [0x0000000080000000, 0x0000000100000000)
  region size 1024K, 20 young (20480K), 2 survivors (2048K)
 Metaspace       used 1948K, committed 2176K, reserved 491520K
  class space    used 185K, committed 320K, reserved 425984K
}
Event: 11.428 GC heap after
{Heap after GC invocations=2 (full 0):
 garbage-first heap   total 57344K, used 9771K [0x0000000080000000, 0x0000000100000000)
  region size 1024K, 3 young (3072K), 3 survivors (3072K)
 Metaspace       used 1948K, committed 2176K, reserved 491520K
  class space    used 185K, committed 320K, reserved 425984K
}
Event: 15.738 GC heap before
{Heap before GC invocations=2 (full 0):
 garbage-first heap   total 57344K, used 40491K [0x0000000080000000, 0x0000000100000000)
  region size 1024K, 33 young (33792K), 3 survivors (3072K)
 Metaspace       used 4558K, committed 4736K, reserved 491520K
  class space    used 571K, committed 640K, reserved 425984K
}
Event: 15.749 GC heap after
{Heap after GC invocations=3 (full 0):
 garbage-first heap   total 57344K, used 11347K [0x0000000080000000, 0x0000000100000000)
  region size 1024K, 4 young (4096K), 4 survivors (4096K)
 Metaspace       used 4558K, committed 4736K, reserved 491520K
  class space    used 571K, committed 640K, reserved 425984K
}
Event: 19.712 GC heap before
{Heap before GC invocations=3 (full 0):
 garbage-first heap   total 57344K, used 38995K [0x0000000080000000, 0x0000000100000000)
  region size 1024K, 31 young (31744K), 4 survivors (4096K)
 Metaspace       used 4599K, committed 4736K, reserved 491520K
  class space    used 571K, committed 640K, reserved 425984K
}
Event: 19.720 GC heap after
{Heap after GC invocations=4 (full 0):
 garbage-first heap   total 57344K, used 12031K [0x0000000080000000, 0x0000000100000000)
  region size 1024K, 3 young (3072K), 3 survivors (3072K)
 Metaspace       used 4599K, committed 4736K, reserved 491520K
  class space    used 571K, committed 640K, reserved 425984K
}
Event: 27.493 GC heap before
{Heap before GC invocations=4 (full 0):
 garbage-first heap   total 57344K, used 42751K [0x0000000080000000, 0x0000000100000000)
  region size 1024K, 31 young (31744K), 3 survivors (3072K)
 Metaspace       used 7594K, committed 7872K, reserved 491520K
  class space    used 1014K, committed 1152K, reserved 425984K
}
Event: 27.502 GC heap after
{Heap after GC invocations=5 (full 0):
 garbage-first heap   total 57344K, used 18084K [0x0000000080000000, 0x0000000100000000)
  region size 1024K, 4 young (4096K), 4 survivors (4096K)
 Metaspace       used 7594K, committed 7872K, reserved 491520K
  class space    used 1014K, committed 1152K, reserved 425984K
}
Event: 41.918 GC heap before
{Heap before GC invocations=5 (full 0):
 garbage-first heap   total 57344K, used 40612K [0x0000000080000000, 0x0000000100000000)
  region size 1024K, 27 young (27648K), 4 survivors (4096K)
 Metaspace       used 12701K, committed 12928K, reserved 491520K
  class space    used 1703K, committed 1792K, reserved 425984K
}
Event: 41.981 GC heap after
{Heap after GC invocations=6 (full 0):
 garbage-first heap   total 57344K, used 20467K [0x0000000080000000, 0x0000000100000000)
  region size 1024K, 3 young (3072K), 3 survivors (3072K)
 Metaspace       used 12701K, committed 12928K, reserved 491520K
  class space    used 1703K, committed 1792K, reserved 425984K
}
Event: 49.895 GC heap before
{Heap before GC invocations=6 (full 0):
 garbage-first heap   total 57344K, used 42995K [0x0000000080000000, 0x0000000100000000)
  region size 1024K, 25 young (25600K), 3 survivors (3072K)
 Metaspace       used 16130K, committed 16384K, reserved 491520K
  class space    used 2210K, committed 2304K, reserved 425984K
}
Event: 49.924 GC heap after
{Heap after GC invocations=7 (full 0):
 garbage-first heap   total 57344K, used 22072K [0x0000000080000000, 0x0000000100000000)
  region size 1024K, 2 young (2048K), 2 survivors (2048K)
 Metaspace       used 16130K, committed 16384K, reserved 491520K
  class space    used 2210K, committed 2304K, reserved 425984K
}
Event: 56.362 GC heap before
{Heap before GC invocations=7 (full 0):
 garbage-first heap   total 57344K, used 44600K [0x0000000080000000, 0x0000000100000000)
  region size 1024K, 23 young (23552K), 2 survivors (2048K)
 Metaspace       used 19333K, committed 19712K, reserved 491520K
  class space    used 2627K, committed 2816K, reserved 425984K
}
Event: 56.385 GC heap after
{Heap after GC invocations=8 (full 0):
 garbage-first heap   total 57344K, used 22883K [0x0000000080000000, 0x0000000100000000)
  region size 1024K, 3 young (3072K), 3 survivors (3072K)
 Metaspace       used 19333K, committed 19712K, reserved 491520K
  class space    used 2627K, committed 2816K, reserved 425984K
}
Event: 61.891 GC heap before
{Heap before GC invocations=8 (full 0):
 garbage-first heap   total 57344K, used 37219K [0x0000000080000000, 0x0000000100000000)
  region size 1024K, 19 young (19456K), 3 survivors (3072K)
 Metaspace       used 21185K, committed 21504K, reserved 491520K
  class space    used 2943K, committed 3136K, reserved 425984K
}
Event: 61.968 GC heap after
{Heap after GC invocations=9 (full 0):
 garbage-first heap   total 57344K, used 23890K [0x0000000080000000, 0x0000000100000000)
  region size 1024K, 3 young (3072K), 3 survivors (3072K)
 Metaspace       used 21185K, committed 21504K, reserved 491520K
  class space    used 2943K, committed 3136K, reserved 425984K
}

