# JRE version: OpenJDK Runtime Environment Temurin-21.0.9+10 (21.0.9+10) (build 21.0.9+10-LTS)
# Java VM: OpenJDK 64-Bit Server VM Temurin-21.0.9+10 (21.0.9+10-LTS, mixed mode, sharing, tiered, compressed oops, compressed class ptrs, parallel gc, windows-amd64)
GC Precious Log:
 CardTable entry size: 512
 CPUs: 4 total, 4 available
 Memory: 3526M
 Large Page Support: Disabled
 NUMA Support: Disabled
 Compressed Oops: Enabled (32-bit)
 Alignments: Space 512K, Generation 512K, Heap 2M
 Heap Min Capacity: 100M
 Heap Initial Capacity: 100M
 Heap Max Capacity: 2G
 Pre-touch: Disabled
 Parallel Workers: 4
Heap:
 PSYoungGen      total 4096K, used 3646K [0x00000000d5580000, 0x00000000d5c00000, 0x0000000100000000)
  eden space 3584K, 96% used [0x00000000d5580000,0x00000000d58dfbc0,0x00000000d5900000)
  from space 512K, 37% used [0x00000000d5b00000,0x00000000d5b30000,0x00000000d5b80000)
  to   space 512K, 0% used [0x00000000d5b80000,0x00000000d5b80000,0x00000000d5c00000)
 ParOldGen       total 380928K, used 380866K [0x0000000080000000, 0x0000000097400000, 0x00000000d5580000)
  object space 380928K, 99% used [0x0000000080000000,0x00000000973f09b8,0x0000000097400000)
 Metaspace       used 84521K, committed 86208K, reserved 1179648K
  class space    used 10009K, committed 10752K, reserved 1048576K
GC Heap History (20 events):
Event: 1353.391 GC heap before
{Heap before GC invocations=1222 (full 4):
 PSYoungGen      total 4096K, used 3616K [0x00000000d5580000, 0x00000000d5c80000, 0x0000000100000000)
  eden space 3584K, 100% used [0x00000000d5580000,0x00000000d5900000,0x00000000d5900000)
  from space 512K, 6% used [0x00000000d5b80000,0x00000000d5b88000,0x00000000d5c00000)
  to   space 512K, 0% used [0x00000000d5c00000,0x00000000d5c00000,0x00000000d5c80000)
 ParOldGen       total 379392K, used 379012K [0x0000000080000000, 0x0000000097280000, 0x00000000d5580000)
  object space 379392K, 99% used [0x0000000080000000,0x0000000097221258,0x0000000097280000)
 Metaspace       used 83569K, committed 85248K, reserved 1179648K
  class space    used 9905K, committed 10688K, reserved 1048576K
}
Event: 1353.395 GC heap after
{Heap after GC invocations=1222 (full 4):
 PSYoungGen      total 4096K, used 32K [0x00000000d5580000, 0x00000000d5c80000, 0x0000000100000000)
  eden space 3584K, 0% used [0x00000000d5580000,0x00000000d5580000,0x00000000d5900000)
  from space 512K, 6% used [0x00000000d5c00000,0x00000000d5c08000,0x00000000d5c80000)
  to   space 512K, 0% used [0x00000000d5b80000,0x00000000d5b80000,0x00000000d5c00000)
 ParOldGen       total 379392K, used 379020K [0x0000000080000000, 0x0000000097280000, 0x00000000d5580000)
  object space 379392K, 99% used [0x0000000080000000,0x0000000097223258,0x0000000097280000)
 Metaspace       used 83569K, committed 85248K, reserved 1179648K
  class space    used 9905K, committed 10688K, reserved 1048576K
}
Event: 1357.760 GC heap before
{Heap before GC invocations=1223 (full 4):
 PSYoungGen      total 4096K, used 3616K [0x00000000d5580000, 0x00000000d5c80000, 0x0000000100000000)
  eden space 3584K, 100% used [0x00000000d5580000,0x00000000d5900000,0x00000000d5900000)
  from space 512K, 6% used [0x00000000d5c00000,0x00000000d5c08000,0x00000000d5c80000)
  to   space 512K, 0% used [0x00000000d5b80000,0x00000000d5b80000,0x00000000d5c00000)
 ParOldGen       total 379392K, used 379020K [0x0000000080000000, 0x0000000097280000, 0x00000000d5580000)
  object space 379392K, 99% used [0x0000000080000000,0x0000000097223258,0x0000000097280000)
 Metaspace       used 83571K, committed 85248K, reserved 1179648K
  class space    used 9905K, committed 10688K, reserved 1048576K
}
Event: 1357.774 GC heap after
{Heap after GC invocations=1223 (full 4):
 PSYoungGen      total 4096K, used 512K [0x00000000d5580000, 0x00000000d5c80000, 0x0000000100000000)
  eden space 3584K, 0% used [0x00000000d5580000,0x00000000d5580000,0x00000000d5900000)
  from space 512K, 100% used [0x00000000d5b80000,0x00000000d5c00000,0x00000000d5c00000)
  to   space 512K, 0% used [0x00000000d5c00000,0x00000000d5c00000,0x00000000d5c80000)
 ParOldGen       total 379904K, used 379562K [0x0000000080000000, 0x0000000097300000, 0x00000000d5580000)
  object space 379904K, 99% used [0x0000000080000000,0x00000000972aa9a8,0x0000000097300000)
 Metaspace       used 83571K, committed 85248K, reserved 1179648K
  class space    used 9905K, committed 10688K, reserved 1048576K
}
Event: 1358.962 GC heap before
{Heap before GC invocations=1224 (full 4):
 PSYoungGen      total 4096K, used 4096K [0x00000000d5580000, 0x00000000d5c80000, 0x0000000100000000)
  eden space 3584K, 100% used [0x00000000d5580000,0x00000000d5900000,0x00000000d5900000)
  from space 512K, 100% used [0x00000000d5b80000,0x00000000d5c00000,0x00000000d5c00000)
  to   space 512K, 0% used [0x00000000d5c00000,0x00000000d5c00000,0x00000000d5c80000)
 ParOldGen       total 379904K, used 379562K [0x0000000080000000, 0x0000000097300000, 0x00000000d5580000)
  object space 379904K, 99% used [0x0000000080000000,0x00000000972aa9a8,0x0000000097300000)
 Metaspace       used 83572K, committed 85248K, reserved 1179648K
  class space    used 9905K, committed 10688K, reserved 1048576K
}
Event: 1358.972 GC heap after
{Heap after GC invocations=1224 (full 4):
 PSYoungGen      total 4096K, used 512K [0x00000000d5580000, 0x00000000d5c80000, 0x0000000100000000)
  eden space 3584K, 0% used [0x00000000d5580000,0x00000000d5580000,0x00000000d5900000)
  from space 512K, 100% used [0x00000000d5c00000,0x00000000d5c80000,0x00000000d5c80000)
  to   space 1536K, 0% used [0x00000000d5980000,0x00000000d5980000,0x00000000d5b00000)
 ParOldGen       total 380416K, used 380050K [0x0000000080000000, 0x0000000097380000, 0x00000000d5580000)
  object space 380416K, 99% used [0x0000000080000000,0x00000000973249a8,0x0000000097380000)
 Metaspace       used 83572K, committed 85248K, reserved 1179648K
  class space    used 9905K, committed 10688K, reserved 1048576K
}
Event: 1365.851 GC heap before
{Heap before GC invocations=1225 (full 4):
 PSYoungGen      total 4096K, used 4075K [0x00000000d5580000, 0x00000000d5c80000, 0x0000000100000000)
  eden space 3584K, 99% used [0x00000000d5580000,0x00000000d58fad68,0x00000000d5900000)
  from space 512K, 100% used [0x00000000d5c00000,0x00000000d5c80000,0x00000000d5c80000)
  to   space 1536K, 0% used [0x00000000d5980000,0x00000000d5980000,0x00000000d5b00000)
 ParOldGen       total 380416K, used 380050K [0x0000000080000000, 0x0000000097380000, 0x00000000d5580000)
  object space 380416K, 99% used [0x0000000080000000,0x00000000973249a8,0x0000000097380000)
 Metaspace       used 83921K, committed 85568K, reserved 1179648K
  class space    used 9947K, committed 10688K, reserved 1048576K
}
Event: 1365.888 GC heap after
{Heap after GC invocations=1225 (full 4):
 PSYoungGen      total 5120K, used 242K [0x00000000d5580000, 0x00000000d5c80000, 0x0000000100000000)
  eden space 3584K, 0% used [0x00000000d5580000,0x00000000d5580000,0x00000000d5900000)
  from space 1536K, 15% used [0x00000000d5980000,0x00000000d59bc930,0x00000000d5b00000)
  to   space 1024K, 0% used [0x00000000d5b80000,0x00000000d5b80000,0x00000000d5c80000)
 ParOldGen       total 380928K, used 380546K [0x0000000080000000, 0x0000000097400000, 0x00000000d5580000)
  object space 380928K, 99% used [0x0000000080000000,0x00000000973a09a8,0x0000000097400000)
 Metaspace       used 83921K, committed 85568K, reserved 1179648K
  class space    used 9947K, committed 10688K, reserved 1048576K
}
Event: 1368.926 GC heap before
{Heap before GC invocations=1226 (full 4):
 PSYoungGen      total 5120K, used 3826K [0x00000000d5580000, 0x00000000d5c80000, 0x0000000100000000)
  eden space 3584K, 100% used [0x00000000d5580000,0x00000000d5900000,0x00000000d5900000)
  from space 1536K, 15% used [0x00000000d5980000,0x00000000d59bc930,0x00000000d5b00000)
  to   space 1024K, 0% used [0x00000000d5b80000,0x00000000d5b80000,0x00000000d5c80000)
 ParOldGen       total 380928K, used 380546K [0x0000000080000000, 0x0000000097400000, 0x00000000d5580000)
  object space 380928K, 99% used [0x0000000080000000,0x00000000973a09a8,0x0000000097400000)
 Metaspace       used 84303K, committed 85952K, reserved 1179648K
  class space    used 9992K, committed 10752K, reserved 1048576K
}
Event: 1368.933 GC heap after
{Heap after GC invocations=1226 (full 4):
 PSYoungGen      total 4096K, used 160K [0x00000000d5580000, 0x00000000d5c00000, 0x0000000100000000)
  eden space 3584K, 0% used [0x00000000d5580000,0x00000000d5580000,0x00000000d5900000)
  from space 512K, 31% used [0x00000000d5b80000,0x00000000d5ba8000,0x00000000d5c00000)
  to   space 512K, 0% used [0x00000000d5b00000,0x00000000d5b00000,0x00000000d5b80000)
 ParOldGen       total 380928K, used 380658K [0x0000000080000000, 0x0000000097400000, 0x00000000d5580000)
  object space 380928K, 99% used [0x0000000080000000,0x00000000973bc9a8,0x0000000097400000)
 Metaspace       used 84303K, committed 85952K, reserved 1179648K
  class space    used 9992K, committed 10752K, reserved 1048576K
}
Event: 1370.192 GC heap before
{Heap before GC invocations=1227 (full 4):
 PSYoungGen      total 4096K, used 3744K [0x00000000d5580000, 0x00000000d5c00000, 0x0000000100000000)
  eden space 3584K, 100% used [0x00000000d5580000,0x00000000d5900000,0x00000000d5900000)
  from space 512K, 31% used [0x00000000d5b80000,0x00000000d5ba8000,0x00000000d5c00000)
  to   space 512K, 0% used [0x00000000d5b00000,0x00000000d5b00000,0x00000000d5b80000)
 ParOldGen       total 380928K, used 380658K [0x0000000080000000, 0x0000000097400000, 0x00000000d5580000)
  object space 380928K, 99% used [0x0000000080000000,0x00000000973bc9a8,0x0000000097400000)
 Metaspace       used 84459K, committed 86144K, reserved 1179648K
  class space    used 10009K, committed 10752K, reserved 1048576K
}
Event: 1370.196 GC heap after
{Heap after GC invocations=1227 (full 4):
 PSYoungGen      total 4096K, used 128K [0x00000000d5580000, 0x00000000d5c00000, 0x0000000100000000)
  eden space 3584K, 0% used [0x00000000d5580000,0x00000000d5580000,0x00000000d5900000)
  from space 512K, 25% used [0x00000000d5b00000,0x00000000d5b20000,0x00000000d5b80000)
  to   space 512K, 0% used [0x00000000d5b80000,0x00000000d5b80000,0x00000000d5c00000)
 ParOldGen       total 380928K, used 380714K [0x0000000080000000, 0x0000000097400000, 0x00000000d5580000)
  object space 380928K, 99% used [0x0000000080000000,0x00000000973ca9a8,0x0000000097400000)
 Metaspace       used 84459K, committed 86144K, reserved 1179648K
  class space    used 10009K, committed 10752K, reserved 1048576K
}
Event: 1372.336 GC heap before
{Heap before GC invocations=1228 (full 4):
 PSYoungGen      total 4096K, used 3712K [0x00000000d5580000, 0x00000000d5c00000, 0x0000000100000000)
  eden space 3584K, 100% used [0x00000000d5580000,0x00000000d5900000,0x00000000d5900000)
  from space 512K, 25% used [0x00000000d5b00000,0x00000000d5b20000,0x00000000d5b80000)
  to   space 512K, 0% used [0x00000000d5b80000,0x00000000d5b80000,0x00000000d5c00000)
 ParOldGen       total 380928K, used 380714K [0x0000000080000000, 0x0000000097400000, 0x00000000d5580000)
  object space 380928K, 99% used [0x0000000080000000,0x00000000973ca9a8,0x0000000097400000)
 Metaspace       used 84459K, committed 86144K, reserved 1179648K
  class space    used 10009K, committed 10752K, reserved 1048576K
}
Event: 1372.340 GC heap after
{Heap after GC invocations=1228 (full 4):
 PSYoungGen      total 4096K, used 96K [0x00000000d5580000, 0x00000000d5c00000, 0x0000000100000000)
  eden space 3584K, 0% used [0x00000000d5580000,0x00000000d5580000,0x00000000d5900000)
  from space 512K, 18% used [0x00000000d5b80000,0x00000000d5b98000,0x00000000d5c00000)
  to   space 512K, 0% used [0x00000000d5b00000,0x00000000d5b00000,0x00000000d5b80000)
 ParOldGen       total 380928K, used 380762K [0x0000000080000000, 0x0000000097400000, 0x00000000d5580000)
  object space 380928K, 99% used [0x0000000080000000,0x00000000973d69a8,0x0000000097400000)
 Metaspace       used 84459K, committed 86144K, reserved 1179648K
  class space    used 10009K, committed 10752K, reserved 1048576K
}
Event: 1373.352 GC heap before
{Heap before GC invocations=1229 (full 4):
 PSYoungGen      total 4096K, used 3680K [0x00000000d5580000, 0x00000000d5c00000, 0x0000000100000000)
  eden space 3584K, 100% used [0x00000000d5580000,0x00000000d5900000,0x00000000d5900000)
  from space 512K, 18% used [0x00000000d5b80000,0x00000000d5b98000,0x00000000d5c00000)
  to   space 512K, 0% used [0x00000000d5b00000,0x00000000d5b00000,0x00000000d5b80000)
 ParOldGen       total 380928K, used 380762K [0x0000000080000000, 0x0000000097400000, 0x00000000d5580000)
  object space 380928K, 99% used [0x0000000080000000,0x00000000973d69a8,0x0000000097400000)
 Metaspace       used 84461K, committed 86144K, reserved 1179648K
  class space    used 10009K, committed 10752K, reserved 1048576K
}
Event: 1373.356 GC heap after
{Heap after GC invocations=1229 (full 4):
 PSYoungGen      total 4096K, used 128K [0x00000000d5580000, 0x00000000d5c00000, 0x0000000100000000)
  eden space 3584K, 0% used [0x00000000d5580000,0x00000000d5580000,0x00000000d5900000)
  from space 512K, 25% used [0x00000000d5b00000,0x00000000d5b20000,0x00000000d5b80000)
  to   space 512K, 0% used [0x00000000d5b80000,0x00000000d5b80000,0x00000000d5c00000)
 ParOldGen       total 380928K, used 380786K [0x0000000080000000, 0x0000000097400000, 0x00000000d5580000)
  object space 380928K, 99% used [0x0000000080000000,0x00000000973dc9a8,0x0000000097400000)
 Metaspace       used 84461K, committed 86144K, reserved 1179648K
  class space    used 10009K, committed 10752K, reserved 1048576K
}
Event: 1374.819 GC heap before
{Heap before GC invocations=1230 (full 4):
 PSYoungGen      total 4096K, used 3712K [0x00000000d5580000, 0x00000000d5c00000, 0x0000000100000000)
  eden space 3584K, 100% used [0x00000000d5580000,0x00000000d5900000,0x00000000d5900000)
  from space 512K, 25% used [0x00000000d5b00000,0x00000000d5b20000,0x00000000d5b80000)
  to   space 512K, 0% used [0x00000000d5b80000,0x00000000d5b80000,0x00000000d5c00000)
 ParOldGen       total 380928K, used 380786K [0x0000000080000000, 0x0000000097400000, 0x00000000d5580000)
  object space 380928K, 99% used [0x0000000080000000,0x00000000973dc9a8,0x0000000097400000)
 Metaspace       used 84497K, committed 86208K, reserved 1179648K
  class space    used 10009K, committed 10752K, reserved 1048576K
}
Event: 1374.824 GC heap after
{Heap after GC invocations=1230 (full 4):
 PSYoungGen      total 4096K, used 128K [0x00000000d5580000, 0x00000000d5c00000, 0x0000000100000000)
  eden space 3584K, 0% used [0x00000000d5580000,0x00000000d5580000,0x00000000d5900000)
  from space 512K, 25% used [0x00000000d5b80000,0x00000000d5ba0000,0x00000000d5c00000)
  to   space 512K, 0% used [0x00000000d5b00000,0x00000000d5b00000,0x00000000d5b80000)
 ParOldGen       total 380928K, used 380810K [0x0000000080000000, 0x0000000097400000, 0x00000000d5580000)
  object space 380928K, 99% used [0x0000000080000000,0x00000000973e29a8,0x0000000097400000)
 Metaspace       used 84497K, committed 86208K, reserved 1179648K
  class space    used 10009K, committed 10752K, reserved 1048576K
}
Event: 1376.072 GC heap before
{Heap before GC invocations=1231 (full 4):
 PSYoungGen      total 4096K, used 3712K [0x00000000d5580000, 0x00000000d5c00000, 0x0000000100000000)
  eden space 3584K, 100% used [0x00000000d5580000,0x00000000d5900000,0x00000000d5900000)
  from space 512K, 25% used [0x00000000d5b80000,0x00000000d5ba0000,0x00000000d5c00000)
  to   space 512K, 0% used [0x00000000d5b00000,0x00000000d5b00000,0x00000000d5b80000)
 ParOldGen       total 380928K, used 380810K [0x0000000080000000, 0x0000000097400000, 0x00000000d5580000)
  object space 380928K, 99% used [0x0000000080000000,0x00000000973e29a8,0x0000000097400000)
 Metaspace       used 84514K, committed 86208K, reserved 1179648K
  class space    used 10009K, committed 10752K, reserved 1048576K
}
Event: 1376.076 GC heap after
{Heap after GC invocations=1231 (full 4):
 PSYoungGen      total 4096K, used 192K [0x00000000d5580000, 0x00000000d5c00000, 0x0000000100000000)
  eden space 3584K, 0% used [0x00000000d5580000,0x00000000d5580000,0x00000000d5900000)
  from space 512K, 37% used [0x00000000d5b00000,0x00000000d5b30000,0x00000000d5b80000)
  to   space 512K, 0% used [0x00000000d5b80000,0x00000000d5b80000,0x00000000d5c00000)
 ParOldGen       total 380928K, used 380866K [0x0000000080000000, 0x0000000097400000, 0x00000000d5580000)
  object space 380928K, 99% used [0x0000000080000000,0x00000000973f09b8,0x0000000097400000)
 Metaspace       used 84514K, committed 86208K, reserved 1179648K
  class space    used 10009K, committed 10752K, reserved 1048576K
}

