# JRE version: OpenJDK Runtime Environment Temurin-21.0.9+10 (21.0.9+10) (build 21.0.9+10-LTS)
# Java VM: OpenJDK 64-Bit Server VM Temurin-21.0.9+10 (21.0.9+10-LTS, mixed mode, sharing, tiered, compressed oops, compressed class ptrs, parallel gc, windows-amd64)
GC Precious Log:
 CardTable entry size: 512
 CPUs: 4 total, 4 available
 Memory: 3526M
 Large Page Support: Disabled
 NUMA Support: Disabled
 Compressed Oops: Enabled (32-bit)
 Alignments: Space 512K, Generation 512K, Heap 2M
 Heap Min Capacity: 100M
 Heap Initial Capacity: 100M
 Heap Max Capacity: 2G
 Pre-touch: Disabled
 Parallel Workers: 4
Heap:
 PSYoungGen      total 21504K, used 4992K [0x00000000d5580000, 0x00000000d6f00000, 0x0000000100000000)
  eden space 20992K, 21% used [0x00000000d5580000,0x00000000d59e8f50,0x00000000d6a00000)
  from space 512K, 93% used [0x00000000d6e00000,0x00000000d6e77230,0x00000000d6e80000)
  to   space 512K, 0% used [0x00000000d6e80000,0x00000000d6e80000,0x00000000d6f00000)
 ParOldGen       total 68608K, used 49345K [0x0000000080000000, 0x0000000084300000, 0x00000000d5580000)
  object space 68608K, 71% used [0x0000000080000000,0x0000000083030730,0x0000000084300000)
 Metaspace       used 71087K, committed 72576K, reserved 1114112K
  class space    used 8949K, committed 9600K, reserved 1048576K
GC Heap History (20 events):
Event: 208.860 GC heap before
{Heap before GC invocations=43 (full 3):
 PSYoungGen      total 22016K, used 21439K [0x00000000d5580000, 0x00000000d6e80000, 0x0000000100000000)
  eden space 20992K, 99% used [0x00000000d5580000,0x00000000d69fffe8,0x00000000d6a00000)
  from space 1024K, 43% used [0x00000000d6c80000,0x00000000d6cf0000,0x00000000d6d80000)
  to   space 1024K, 0% used [0x00000000d6d80000,0x00000000d6d80000,0x00000000d6e80000)
 ParOldGen       total 68608K, used 42322K [0x0000000080000000, 0x0000000084300000, 0x00000000d5580000)
  object space 68608K, 61% used [0x0000000080000000,0x00000000829549c0,0x0000000084300000)
 Metaspace       used 63890K, committed 65152K, reserved 1114112K
  class space    used 8108K, committed 8704K, reserved 1048576K
}
Event: 210.250 GC heap after
{Heap after GC invocations=43 (full 3):
 PSYoungGen      total 22016K, used 784K [0x00000000d5580000, 0x00000000d6e80000, 0x0000000100000000)
  eden space 20992K, 0% used [0x00000000d5580000,0x00000000d5580000,0x00000000d6a00000)
  from space 1024K, 76% used [0x00000000d6d80000,0x00000000d6e44020,0x00000000d6e80000)
  to   space 1024K, 0% used [0x00000000d6c80000,0x00000000d6c80000,0x00000000d6d80000)
 ParOldGen       total 68608K, used 42746K [0x0000000080000000, 0x0000000084300000, 0x00000000d5580000)
  object space 68608K, 62% used [0x0000000080000000,0x00000000829be9e0,0x0000000084300000)
 Metaspace       used 63890K, committed 65152K, reserved 1114112K
  class space    used 8108K, committed 8704K, reserved 1048576K
}
Event: 239.330 GC heap before
{Heap before GC invocations=44 (full 3):
 PSYoungGen      total 22016K, used 21776K [0x00000000d5580000, 0x00000000d6e80000, 0x0000000100000000)
  eden space 20992K, 99% used [0x00000000d5580000,0x00000000d69fffe8,0x00000000d6a00000)
  from space 1024K, 76% used [0x00000000d6d80000,0x00000000d6e44020,0x00000000d6e80000)
  to   space 1024K, 0% used [0x00000000d6c80000,0x00000000d6c80000,0x00000000d6d80000)
 ParOldGen       total 68608K, used 42746K [0x0000000080000000, 0x0000000084300000, 0x00000000d5580000)
  object space 68608K, 62% used [0x0000000080000000,0x00000000829be9e0,0x0000000084300000)
 Metaspace       used 65155K, committed 66560K, reserved 1114112K
  class space    used 8246K, committed 8896K, reserved 1048576K
}
Event: 239.624 GC heap after
{Heap after GC invocations=44 (full 3):
 PSYoungGen      total 22016K, used 1024K [0x00000000d5580000, 0x00000000d7400000, 0x0000000100000000)
  eden space 20992K, 0% used [0x00000000d5580000,0x00000000d5580000,0x00000000d6a00000)
  from space 1024K, 100% used [0x00000000d6c80000,0x00000000d6d80000,0x00000000d6d80000)
  to   space 5120K, 0% used [0x00000000d6f00000,0x00000000d6f00000,0x00000000d7400000)
 ParOldGen       total 68608K, used 45820K [0x0000000080000000, 0x0000000084300000, 0x00000000d5580000)
  object space 68608K, 66% used [0x0000000080000000,0x0000000082cbf300,0x0000000084300000)
 Metaspace       used 65155K, committed 66560K, reserved 1114112K
  class space    used 8246K, committed 8896K, reserved 1048576K
}
Event: 242.350 GC heap before
{Heap before GC invocations=45 (full 3):
 PSYoungGen      total 22016K, used 22013K [0x00000000d5580000, 0x00000000d7400000, 0x0000000100000000)
  eden space 20992K, 99% used [0x00000000d5580000,0x00000000d69ff620,0x00000000d6a00000)
  from space 1024K, 100% used [0x00000000d6c80000,0x00000000d6d80000,0x00000000d6d80000)
  to   space 5120K, 0% used [0x00000000d6f00000,0x00000000d6f00000,0x00000000d7400000)
 ParOldGen       total 68608K, used 45820K [0x0000000080000000, 0x0000000084300000, 0x00000000d5580000)
  object space 68608K, 66% used [0x0000000080000000,0x0000000082cbf300,0x0000000084300000)
 Metaspace       used 68115K, committed 69440K, reserved 1114112K
  class space    used 8607K, committed 9216K, reserved 1048576K
}
Event: 242.358 GC heap after
{Heap after GC invocations=45 (full 3):
 PSYoungGen      total 22528K, used 1274K [0x00000000d5580000, 0x00000000d7080000, 0x0000000100000000)
  eden space 20992K, 0% used [0x00000000d5580000,0x00000000d5580000,0x00000000d6a00000)
  from space 1536K, 82% used [0x00000000d6f00000,0x00000000d703eb38,0x00000000d7080000)
  to   space 2560K, 0% used [0x00000000d6b80000,0x00000000d6b80000,0x00000000d6e00000)
 ParOldGen       total 68608K, used 46819K [0x0000000080000000, 0x0000000084300000, 0x00000000d5580000)
  object space 68608K, 68% used [0x0000000080000000,0x0000000082db8f38,0x0000000084300000)
 Metaspace       used 68115K, committed 69440K, reserved 1114112K
  class space    used 8607K, committed 9216K, reserved 1048576K
}
Event: 308.689 GC heap before
{Heap before GC invocations=46 (full 3):
 PSYoungGen      total 22528K, used 22266K [0x00000000d5580000, 0x00000000d7080000, 0x0000000100000000)
  eden space 20992K, 100% used [0x00000000d5580000,0x00000000d6a00000,0x00000000d6a00000)
  from space 1536K, 82% used [0x00000000d6f00000,0x00000000d703eb38,0x00000000d7080000)
  to   space 2560K, 0% used [0x00000000d6b80000,0x00000000d6b80000,0x00000000d6e00000)
 ParOldGen       total 68608K, used 46819K [0x0000000080000000, 0x0000000084300000, 0x00000000d5580000)
  object space 68608K, 68% used [0x0000000080000000,0x0000000082db8f38,0x0000000084300000)
 Metaspace       used 68964K, committed 70336K, reserved 1114112K
  class space    used 8692K, committed 9344K, reserved 1048576K
}
Event: 308.783 GC heap after
{Heap after GC invocations=46 (full 3):
 PSYoungGen      total 23552K, used 272K [0x00000000d5580000, 0x00000000d6f80000, 0x0000000100000000)
  eden space 20992K, 0% used [0x00000000d5580000,0x00000000d5580000,0x00000000d6a00000)
  from space 2560K, 10% used [0x00000000d6b80000,0x00000000d6bc4010,0x00000000d6e00000)
  to   space 1024K, 0% used [0x00000000d6e80000,0x00000000d6e80000,0x00000000d6f80000)
 ParOldGen       total 68608K, used 47990K [0x0000000080000000, 0x0000000084300000, 0x00000000d5580000)
  object space 68608K, 69% used [0x0000000080000000,0x0000000082edda70,0x0000000084300000)
 Metaspace       used 68964K, committed 70336K, reserved 1114112K
  class space    used 8692K, committed 9344K, reserved 1048576K
}
Event: 315.031 GC heap before
{Heap before GC invocations=47 (full 3):
 PSYoungGen      total 23552K, used 21264K [0x00000000d5580000, 0x00000000d6f80000, 0x0000000100000000)
  eden space 20992K, 100% used [0x00000000d5580000,0x00000000d6a00000,0x00000000d6a00000)
  from space 2560K, 10% used [0x00000000d6b80000,0x00000000d6bc4010,0x00000000d6e00000)
  to   space 1024K, 0% used [0x00000000d6e80000,0x00000000d6e80000,0x00000000d6f80000)
 ParOldGen       total 68608K, used 47990K [0x0000000080000000, 0x0000000084300000, 0x00000000d5580000)
  object space 68608K, 69% used [0x0000000080000000,0x0000000082edda70,0x0000000084300000)
 Metaspace       used 68968K, committed 70336K, reserved 1114112K
  class space    used 8693K, committed 9344K, reserved 1048576K
}
Event: 315.047 GC heap after
{Heap after GC invocations=47 (full 3):
 PSYoungGen      total 21504K, used 128K [0x00000000d5580000, 0x00000000d6f00000, 0x0000000100000000)
  eden space 20992K, 0% used [0x00000000d5580000,0x00000000d5580000,0x00000000d6a00000)
  from space 512K, 25% used [0x00000000d6e80000,0x00000000d6ea0000,0x00000000d6f00000)
  to   space 512K, 0% used [0x00000000d6e00000,0x00000000d6e00000,0x00000000d6e80000)
 ParOldGen       total 68608K, used 48226K [0x0000000080000000, 0x0000000084300000, 0x00000000d5580000)
  object space 68608K, 70% used [0x0000000080000000,0x0000000082f18ac0,0x0000000084300000)
 Metaspace       used 68968K, committed 70336K, reserved 1114112K
  class space    used 8693K, committed 9344K, reserved 1048576K
}
Event: 340.642 GC heap before
{Heap before GC invocations=48 (full 3):
 PSYoungGen      total 21504K, used 21120K [0x00000000d5580000, 0x00000000d6f00000, 0x0000000100000000)
  eden space 20992K, 100% used [0x00000000d5580000,0x00000000d6a00000,0x00000000d6a00000)
  from space 512K, 25% used [0x00000000d6e80000,0x00000000d6ea0000,0x00000000d6f00000)
  to   space 512K, 0% used [0x00000000d6e00000,0x00000000d6e00000,0x00000000d6e80000)
 ParOldGen       total 68608K, used 48226K [0x0000000080000000, 0x0000000084300000, 0x00000000d5580000)
  object space 68608K, 70% used [0x0000000080000000,0x0000000082f18ac0,0x0000000084300000)
 Metaspace       used 69412K, committed 70848K, reserved 1114112K
  class space    used 8746K, committed 9408K, reserved 1048576K
}
Event: 341.047 GC heap after
{Heap after GC invocations=48 (full 3):
 PSYoungGen      total 21504K, used 480K [0x00000000d5580000, 0x00000000d6f00000, 0x0000000100000000)
  eden space 20992K, 0% used [0x00000000d5580000,0x00000000d5580000,0x00000000d6a00000)
  from space 512K, 93% used [0x00000000d6e00000,0x00000000d6e78010,0x00000000d6e80000)
  to   space 512K, 0% used [0x00000000d6e80000,0x00000000d6e80000,0x00000000d6f00000)
 ParOldGen       total 68608K, used 48282K [0x0000000080000000, 0x0000000084300000, 0x00000000d5580000)
  object space 68608K, 70% used [0x0000000080000000,0x0000000082f26ac0,0x0000000084300000)
 Metaspace       used 69412K, committed 70848K, reserved 1114112K
  class space    used 8746K, committed 9408K, reserved 1048576K
}
Event: 362.807 GC heap before
{Heap before GC invocations=49 (full 3):
 PSYoungGen      total 21504K, used 21472K [0x00000000d5580000, 0x00000000d6f00000, 0x0000000100000000)
  eden space 20992K, 100% used [0x00000000d5580000,0x00000000d6a00000,0x00000000d6a00000)
  from space 512K, 93% used [0x00000000d6e00000,0x00000000d6e78010,0x00000000d6e80000)
  to   space 512K, 0% used [0x00000000d6e80000,0x00000000d6e80000,0x00000000d6f00000)
 ParOldGen       total 68608K, used 48282K [0x0000000080000000, 0x0000000084300000, 0x00000000d5580000)
  object space 68608K, 70% used [0x0000000080000000,0x0000000082f26ac0,0x0000000084300000)
 Metaspace       used 70173K, committed 71616K, reserved 1114112K
  class space    used 8827K, committed 9472K, reserved 1048576K
}
Event: 362.849 GC heap after
{Heap after GC invocations=49 (full 3):
 PSYoungGen      total 21504K, used 504K [0x00000000d5580000, 0x00000000d6f00000, 0x0000000100000000)
  eden space 20992K, 0% used [0x00000000d5580000,0x00000000d5580000,0x00000000d6a00000)
  from space 512K, 98% used [0x00000000d6e80000,0x00000000d6efe1a8,0x00000000d6f00000)
  to   space 1024K, 0% used [0x00000000d6d00000,0x00000000d6d00000,0x00000000d6e00000)
 ParOldGen       total 68608K, used 48730K [0x0000000080000000, 0x0000000084300000, 0x00000000d5580000)
  object space 68608K, 71% used [0x0000000080000000,0x0000000082f96ad0,0x0000000084300000)
 Metaspace       used 70173K, committed 71616K, reserved 1114112K
  class space    used 8827K, committed 9472K, reserved 1048576K
}
Event: 381.440 GC heap before
{Heap before GC invocations=50 (full 3):
 PSYoungGen      total 21504K, used 21496K [0x00000000d5580000, 0x00000000d6f00000, 0x0000000100000000)
  eden space 20992K, 100% used [0x00000000d5580000,0x00000000d6a00000,0x00000000d6a00000)
  from space 512K, 98% used [0x00000000d6e80000,0x00000000d6efe1a8,0x00000000d6f00000)
  to   space 1024K, 0% used [0x00000000d6d00000,0x00000000d6d00000,0x00000000d6e00000)
 ParOldGen       total 68608K, used 48730K [0x0000000080000000, 0x0000000084300000, 0x00000000d5580000)
  object space 68608K, 71% used [0x0000000080000000,0x0000000082f96ad0,0x0000000084300000)
 Metaspace       used 70742K, committed 72128K, reserved 1114112K
  class space    used 8901K, committed 9536K, reserved 1048576K
}
Event: 381.516 GC heap after
{Heap after GC invocations=50 (full 3):
 PSYoungGen      total 22016K, used 224K [0x00000000d5580000, 0x00000000d6f00000, 0x0000000100000000)
  eden space 20992K, 0% used [0x00000000d5580000,0x00000000d5580000,0x00000000d6a00000)
  from space 1024K, 21% used [0x00000000d6d00000,0x00000000d6d38000,0x00000000d6e00000)
  to   space 512K, 0% used [0x00000000d6e80000,0x00000000d6e80000,0x00000000d6f00000)
 ParOldGen       total 68608K, used 49145K [0x0000000080000000, 0x0000000084300000, 0x00000000d5580000)
  object space 68608K, 71% used [0x0000000080000000,0x0000000082ffe560,0x0000000084300000)
 Metaspace       used 70742K, committed 72128K, reserved 1114112K
  class space    used 8901K, committed 9536K, reserved 1048576K
}
Event: 385.921 GC heap before
{Heap before GC invocations=51 (full 3):
 PSYoungGen      total 22016K, used 21216K [0x00000000d5580000, 0x00000000d6f00000, 0x0000000100000000)
  eden space 20992K, 100% used [0x00000000d5580000,0x00000000d6a00000,0x00000000d6a00000)
  from space 1024K, 21% used [0x00000000d6d00000,0x00000000d6d38000,0x00000000d6e00000)
  to   space 512K, 0% used [0x00000000d6e80000,0x00000000d6e80000,0x00000000d6f00000)
 ParOldGen       total 68608K, used 49145K [0x0000000080000000, 0x0000000084300000, 0x00000000d5580000)
  object space 68608K, 71% used [0x0000000080000000,0x0000000082ffe560,0x0000000084300000)
 Metaspace       used 70747K, committed 72192K, reserved 1114112K
  class space    used 8902K, committed 9536K, reserved 1048576K
}
Event: 385.925 GC heap after
{Heap after GC invocations=51 (full 3):
 PSYoungGen      total 21504K, used 96K [0x00000000d5580000, 0x00000000d6f00000, 0x0000000100000000)
  eden space 20992K, 0% used [0x00000000d5580000,0x00000000d5580000,0x00000000d6a00000)
  from space 512K, 18% used [0x00000000d6e80000,0x00000000d6e98000,0x00000000d6f00000)
  to   space 512K, 0% used [0x00000000d6e00000,0x00000000d6e00000,0x00000000d6e80000)
 ParOldGen       total 68608K, used 49329K [0x0000000080000000, 0x0000000084300000, 0x00000000d5580000)
  object space 68608K, 71% used [0x0000000080000000,0x000000008302c730,0x0000000084300000)
 Metaspace       used 70747K, committed 72192K, reserved 1114112K
  class space    used 8902K, committed 9536K, reserved 1048576K
}
Event: 401.627 GC heap before
{Heap before GC invocations=52 (full 3):
 PSYoungGen      total 21504K, used 21086K [0x00000000d5580000, 0x00000000d6f00000, 0x0000000100000000)
  eden space 20992K, 99% used [0x00000000d5580000,0x00000000d69ff908,0x00000000d6a00000)
  from space 512K, 18% used [0x00000000d6e80000,0x00000000d6e98000,0x00000000d6f00000)
  to   space 512K, 0% used [0x00000000d6e00000,0x00000000d6e00000,0x00000000d6e80000)
 ParOldGen       total 68608K, used 49329K [0x0000000080000000, 0x0000000084300000, 0x00000000d5580000)
  object space 68608K, 71% used [0x0000000080000000,0x000000008302c730,0x0000000084300000)
 Metaspace       used 70818K, committed 72256K, reserved 1114112K
  class space    used 8913K, committed 9600K, reserved 1048576K
}
Event: 401.641 GC heap after
{Heap after GC invocations=52 (full 3):
 PSYoungGen      total 21504K, used 476K [0x00000000d5580000, 0x00000000d6f00000, 0x0000000100000000)
  eden space 20992K, 0% used [0x00000000d5580000,0x00000000d5580000,0x00000000d6a00000)
  from space 512K, 93% used [0x00000000d6e00000,0x00000000d6e77230,0x00000000d6e80000)
  to   space 512K, 0% used [0x00000000d6e80000,0x00000000d6e80000,0x00000000d6f00000)
 ParOldGen       total 68608K, used 49345K [0x0000000080000000, 0x0000000084300000, 0x00000000d5580000)
  object space 68608K, 71% used [0x0000000080000000,0x0000000083030730,0x0000000084300000)
 Metaspace       used 70818K, committed 72256K, reserved 1114112K
  class space    used 8913K, committed 9600K, reserved 1048576K
}

