# JRE version: OpenJDK Runtime Environment Temurin-21.0.9+10 (21.0.9+10) (build 21.0.9+10-LTS)
# Java VM: OpenJDK 64-Bit Server VM Temurin-21.0.9+10 (21.0.9+10-LTS, mixed mode, sharing, tiered, compressed oops, compressed class ptrs, parallel gc, windows-amd64)
GC Precious Log:
 CardTable entry size: 512
 CPUs: 4 total, 4 available
 Memory: 3526M
 Large Page Support: Disabled
 NUMA Support: Disabled
 Compressed Oops: Enabled (32-bit)
 Alignments: Space 512K, Generation 512K, Heap 2M
 Heap Min Capacity: 100M
 Heap Initial Capacity: 100M
 Heap Max Capacity: 2G
 Pre-touch: Disabled
 Parallel Workers: 4
Heap:
 PSYoungGen      total 26112K, used 15961K [0x00000000d5580000, 0x00000000d7680000, 0x0000000100000000)
  eden space 17920K, 85% used [0x00000000d5580000,0x00000000d647c938,0x00000000d6700000)
  from space 8192K, 7% used [0x00000000d6b80000,0x00000000d6c19cc0,0x00000000d7380000)
  to   space 3072K, 0% used [0x00000000d7380000,0x00000000d7380000,0x00000000d7680000)
 ParOldGen       total 83456K, used 83080K [0x0000000080000000, 0x0000000085180000, 0x00000000d5580000)
  object space 83456K, 99% used [0x0000000080000000,0x00000000851222a8,0x0000000085180000)
 Metaspace       used 63562K, committed 65024K, reserved 1114112K
  class space    used 7298K, committed 7936K, reserved 1048576K
GC Heap History (20 events):
Event: 180.034 GC heap before
{Heap before GC invocations=45 (full 2):
 PSYoungGen      total 19456K, used 19428K [0x00000000d5580000, 0x00000000d6f80000, 0x0000000100000000)
  eden space 17920K, 100% used [0x00000000d5580000,0x00000000d6700000,0x00000000d6700000)
  from space 1536K, 98% used [0x00000000d6e00000,0x00000000d6f79368,0x00000000d6f80000)
  to   space 3584K, 0% used [0x00000000d6880000,0x00000000d6880000,0x00000000d6c00000)
 ParOldGen       total 68608K, used 63754K [0x0000000080000000, 0x0000000084300000, 0x00000000d5580000)
  object space 68608K, 92% used [0x0000000080000000,0x0000000083e42ba0,0x0000000084300000)
 Metaspace       used 57731K, committed 59008K, reserved 1114112K
  class space    used 6617K, committed 7168K, reserved 1048576K
}
Event: 180.041 GC heap after
{Heap after GC invocations=45 (full 2):
 PSYoungGen      total 21504K, used 800K [0x00000000d5580000, 0x00000000d6e80000, 0x0000000100000000)
  eden space 17920K, 0% used [0x00000000d5580000,0x00000000d5580000,0x00000000d6700000)
  from space 3584K, 22% used [0x00000000d6880000,0x00000000d6948000,0x00000000d6c00000)
  to   space 1536K, 0% used [0x00000000d6d00000,0x00000000d6d00000,0x00000000d6e80000)
 ParOldGen       total 68608K, used 65049K [0x0000000080000000, 0x0000000084300000, 0x00000000d5580000)
  object space 68608K, 94% used [0x0000000080000000,0x0000000083f86638,0x0000000084300000)
 Metaspace       used 57731K, committed 59008K, reserved 1114112K
  class space    used 6617K, committed 7168K, reserved 1048576K
}
Event: 180.954 GC heap before
{Heap before GC invocations=46 (full 2):
 PSYoungGen      total 21504K, used 18720K [0x00000000d5580000, 0x00000000d6e80000, 0x0000000100000000)
  eden space 17920K, 100% used [0x00000000d5580000,0x00000000d6700000,0x00000000d6700000)
  from space 3584K, 22% used [0x00000000d6880000,0x00000000d6948000,0x00000000d6c00000)
  to   space 1536K, 0% used [0x00000000d6d00000,0x00000000d6d00000,0x00000000d6e80000)
 ParOldGen       total 68608K, used 65049K [0x0000000080000000, 0x0000000084300000, 0x00000000d5580000)
  object space 68608K, 94% used [0x0000000080000000,0x0000000083f86638,0x0000000084300000)
 Metaspace       used 58010K, committed 59264K, reserved 1114112K
  class space    used 6642K, committed 7168K, reserved 1048576K
}
Event: 180.962 GC heap after
{Heap after GC invocations=46 (full 2):
 PSYoungGen      total 19456K, used 1516K [0x00000000d5580000, 0x00000000d6f00000, 0x0000000100000000)
  eden space 17920K, 0% used [0x00000000d5580000,0x00000000d5580000,0x00000000d6700000)
  from space 1536K, 98% used [0x00000000d6d00000,0x00000000d6e7b160,0x00000000d6e80000)
  to   space 4096K, 0% used [0x00000000d6700000,0x00000000d6700000,0x00000000d6b00000)
 ParOldGen       total 68608K, used 66716K [0x0000000080000000, 0x0000000084300000, 0x00000000d5580000)
  object space 68608K, 97% used [0x0000000080000000,0x0000000084127360,0x0000000084300000)
 Metaspace       used 58010K, committed 59264K, reserved 1114112K
  class space    used 6642K, committed 7168K, reserved 1048576K
}
Event: 181.432 GC heap before
{Heap before GC invocations=47 (full 2):
 PSYoungGen      total 19456K, used 9149K [0x00000000d5580000, 0x00000000d6f00000, 0x0000000100000000)
  eden space 17920K, 42% used [0x00000000d5580000,0x00000000d5cf4680,0x00000000d6700000)
  from space 1536K, 98% used [0x00000000d6d00000,0x00000000d6e7b160,0x00000000d6e80000)
  to   space 4096K, 0% used [0x00000000d6700000,0x00000000d6700000,0x00000000d6b00000)
 ParOldGen       total 68608K, used 66716K [0x0000000080000000, 0x0000000084300000, 0x00000000d5580000)
  object space 68608K, 97% used [0x0000000080000000,0x0000000084127360,0x0000000084300000)
 Metaspace       used 58503K, committed 59776K, reserved 1114112K
  class space    used 6687K, committed 7232K, reserved 1048576K
}
Event: 181.437 GC heap after
{Heap after GC invocations=47 (full 2):
 PSYoungGen      total 22016K, used 704K [0x00000000d5580000, 0x00000000d6d80000, 0x0000000100000000)
  eden space 17920K, 0% used [0x00000000d5580000,0x00000000d5580000,0x00000000d6700000)
  from space 4096K, 17% used [0x00000000d6700000,0x00000000d67b0000,0x00000000d6b00000)
  to   space 2048K, 0% used [0x00000000d6b80000,0x00000000d6b80000,0x00000000d6d80000)
 ParOldGen       total 68608K, used 67660K [0x0000000080000000, 0x0000000084300000, 0x00000000d5580000)
  object space 68608K, 98% used [0x0000000080000000,0x0000000084213360,0x0000000084300000)
 Metaspace       used 58503K, committed 59776K, reserved 1114112K
  class space    used 6687K, committed 7232K, reserved 1048576K
}
Event: 181.437 GC heap before
{Heap before GC invocations=48 (full 3):
 PSYoungGen      total 22016K, used 704K [0x00000000d5580000, 0x00000000d6d80000, 0x0000000100000000)
  eden space 17920K, 0% used [0x00000000d5580000,0x00000000d5580000,0x00000000d6700000)
  from space 4096K, 17% used [0x00000000d6700000,0x00000000d67b0000,0x00000000d6b00000)
  to   space 2048K, 0% used [0x00000000d6b80000,0x00000000d6b80000,0x00000000d6d80000)
 ParOldGen       total 68608K, used 67660K [0x0000000080000000, 0x0000000084300000, 0x00000000d5580000)
  object space 68608K, 98% used [0x0000000080000000,0x0000000084213360,0x0000000084300000)
 Metaspace       used 58503K, committed 59776K, reserved 1114112K
  class space    used 6687K, committed 7232K, reserved 1048576K
}
Event: 181.959 GC heap after
{Heap after GC invocations=48 (full 3):
 PSYoungGen      total 22016K, used 0K [0x00000000d5580000, 0x00000000d6d80000, 0x0000000100000000)
  eden space 17920K, 0% used [0x00000000d5580000,0x00000000d5580000,0x00000000d6700000)
  from space 4096K, 0% used [0x00000000d6700000,0x00000000d6700000,0x00000000d6b00000)
  to   space 2048K, 0% used [0x00000000d6b80000,0x00000000d6b80000,0x00000000d6d80000)
 ParOldGen       total 68608K, used 63136K [0x0000000080000000, 0x0000000084300000, 0x00000000d5580000)
  object space 68608K, 92% used [0x0000000080000000,0x0000000083da82b8,0x0000000084300000)
 Metaspace       used 58503K, committed 59776K, reserved 1114112K
  class space    used 6687K, committed 7232K, reserved 1048576K
}
Event: 182.830 GC heap before
{Heap before GC invocations=49 (full 3):
 PSYoungGen      total 22016K, used 17920K [0x00000000d5580000, 0x00000000d6d80000, 0x0000000100000000)
  eden space 17920K, 100% used [0x00000000d5580000,0x00000000d6700000,0x00000000d6700000)
  from space 4096K, 0% used [0x00000000d6700000,0x00000000d6700000,0x00000000d6b00000)
  to   space 2048K, 0% used [0x00000000d6b80000,0x00000000d6b80000,0x00000000d6d80000)
 ParOldGen       total 68608K, used 63136K [0x0000000080000000, 0x0000000084300000, 0x00000000d5580000)
  object space 68608K, 92% used [0x0000000080000000,0x0000000083da82b8,0x0000000084300000)
 Metaspace       used 59447K, committed 60736K, reserved 1114112K
  class space    used 6807K, committed 7424K, reserved 1048576K
}
Event: 182.836 GC heap after
{Heap after GC invocations=49 (full 3):
 PSYoungGen      total 19456K, used 1080K [0x00000000d5580000, 0x00000000d6d00000, 0x0000000100000000)
  eden space 17920K, 0% used [0x00000000d5580000,0x00000000d5580000,0x00000000d6700000)
  from space 1536K, 70% used [0x00000000d6b80000,0x00000000d6c8e008,0x00000000d6d00000)
  to   space 1536K, 0% used [0x00000000d6a00000,0x00000000d6a00000,0x00000000d6b80000)
 ParOldGen       total 68608K, used 63136K [0x0000000080000000, 0x0000000084300000, 0x00000000d5580000)
  object space 68608K, 92% used [0x0000000080000000,0x0000000083da82b8,0x0000000084300000)
 Metaspace       used 59447K, committed 60736K, reserved 1114112K
  class space    used 6807K, committed 7424K, reserved 1048576K
}
Event: 184.715 GC heap before
{Heap before GC invocations=50 (full 3):
 PSYoungGen      total 19456K, used 19000K [0x00000000d5580000, 0x00000000d6d00000, 0x0000000100000000)
  eden space 17920K, 100% used [0x00000000d5580000,0x00000000d6700000,0x00000000d6700000)
  from space 1536K, 70% used [0x00000000d6b80000,0x00000000d6c8e008,0x00000000d6d00000)
  to   space 1536K, 0% used [0x00000000d6a00000,0x00000000d6a00000,0x00000000d6b80000)
 ParOldGen       total 68608K, used 63136K [0x0000000080000000, 0x0000000084300000, 0x00000000d5580000)
  object space 68608K, 92% used [0x0000000080000000,0x0000000083da82b8,0x0000000084300000)
 Metaspace       used 60620K, committed 61888K, reserved 1114112K
  class space    used 6980K, committed 7552K, reserved 1048576K
}
Event: 184.723 GC heap after
{Heap after GC invocations=50 (full 3):
 PSYoungGen      total 19456K, used 1373K [0x00000000d5580000, 0x00000000d6c00000, 0x0000000100000000)
  eden space 17920K, 0% used [0x00000000d5580000,0x00000000d5580000,0x00000000d6700000)
  from space 1536K, 89% used [0x00000000d6a00000,0x00000000d6b57670,0x00000000d6b80000)
  to   space 512K, 0% used [0x00000000d6b80000,0x00000000d6b80000,0x00000000d6c00000)
 ParOldGen       total 68608K, used 64152K [0x0000000080000000, 0x0000000084300000, 0x00000000d5580000)
  object space 68608K, 93% used [0x0000000080000000,0x0000000083ea62c0,0x0000000084300000)
 Metaspace       used 60620K, committed 61888K, reserved 1114112K
  class space    used 6980K, committed 7552K, reserved 1048576K
}
Event: 187.452 GC heap before
{Heap before GC invocations=51 (full 3):
 PSYoungGen      total 19456K, used 19293K [0x00000000d5580000, 0x00000000d6c00000, 0x0000000100000000)
  eden space 17920K, 100% used [0x00000000d5580000,0x00000000d6700000,0x00000000d6700000)
  from space 1536K, 89% used [0x00000000d6a00000,0x00000000d6b57670,0x00000000d6b80000)
  to   space 512K, 0% used [0x00000000d6b80000,0x00000000d6b80000,0x00000000d6c00000)
 ParOldGen       total 68608K, used 64152K [0x0000000080000000, 0x0000000084300000, 0x00000000d5580000)
  object space 68608K, 93% used [0x0000000080000000,0x0000000083ea62c0,0x0000000084300000)
 Metaspace       used 62357K, committed 63680K, reserved 1114112K
  class space    used 7178K, committed 7744K, reserved 1048576K
}
Event: 187.457 GC heap after
{Heap after GC invocations=51 (full 3):
 PSYoungGen      total 18432K, used 504K [0x00000000d5580000, 0x00000000d6c00000, 0x0000000100000000)
  eden space 17920K, 0% used [0x00000000d5580000,0x00000000d5580000,0x00000000d6700000)
  from space 512K, 98% used [0x00000000d6b80000,0x00000000d6bfe1c8,0x00000000d6c00000)
  to   space 1536K, 0% used [0x00000000d6900000,0x00000000d6900000,0x00000000d6a80000)
 ParOldGen       total 68608K, used 64944K [0x0000000080000000, 0x0000000084300000, 0x00000000d5580000)
  object space 68608K, 94% used [0x0000000080000000,0x0000000083f6c0a8,0x0000000084300000)
 Metaspace       used 62357K, committed 63680K, reserved 1114112K
  class space    used 7178K, committed 7744K, reserved 1048576K
}
Event: 189.567 GC heap before
{Heap before GC invocations=52 (full 3):
 PSYoungGen      total 18432K, used 18424K [0x00000000d5580000, 0x00000000d6c00000, 0x0000000100000000)
  eden space 17920K, 100% used [0x00000000d5580000,0x00000000d6700000,0x00000000d6700000)
  from space 512K, 98% used [0x00000000d6b80000,0x00000000d6bfe1c8,0x00000000d6c00000)
  to   space 1536K, 0% used [0x00000000d6900000,0x00000000d6900000,0x00000000d6a80000)
 ParOldGen       total 68608K, used 64944K [0x0000000080000000, 0x0000000084300000, 0x00000000d5580000)
  object space 68608K, 94% used [0x0000000080000000,0x0000000083f6c0a8,0x0000000084300000)
 Metaspace       used 62785K, committed 64192K, reserved 1114112K
  class space    used 7229K, committed 7872K, reserved 1048576K
}
Event: 189.586 GC heap after
{Heap after GC invocations=52 (full 3):
 PSYoungGen      total 19456K, used 1519K [0x00000000d5580000, 0x00000000d8500000, 0x0000000100000000)
  eden space 17920K, 0% used [0x00000000d5580000,0x00000000d5580000,0x00000000d6700000)
  from space 1536K, 98% used [0x00000000d6900000,0x00000000d6a7beb8,0x00000000d6a80000)
  to   space 15360K, 0% used [0x00000000d7600000,0x00000000d7600000,0x00000000d8500000)
 ParOldGen       total 76800K, used 76318K [0x0000000080000000, 0x0000000084b00000, 0x00000000d5580000)
  object space 76800K, 99% used [0x0000000080000000,0x0000000084a878e0,0x0000000084b00000)
 Metaspace       used 62785K, committed 64192K, reserved 1114112K
  class space    used 7229K, committed 7872K, reserved 1048576K
}
Event: 190.827 GC heap before
{Heap before GC invocations=53 (full 3):
 PSYoungGen      total 19456K, used 19439K [0x00000000d5580000, 0x00000000d8500000, 0x0000000100000000)
  eden space 17920K, 100% used [0x00000000d5580000,0x00000000d6700000,0x00000000d6700000)
  from space 1536K, 98% used [0x00000000d6900000,0x00000000d6a7beb8,0x00000000d6a80000)
  to   space 15360K, 0% used [0x00000000d7600000,0x00000000d7600000,0x00000000d8500000)
 ParOldGen       total 76800K, used 76318K [0x0000000080000000, 0x0000000084b00000, 0x00000000d5580000)
  object space 76800K, 99% used [0x0000000080000000,0x0000000084a878e0,0x0000000084b00000)
 Metaspace       used 62911K, committed 64320K, reserved 1114112K
  class space    used 7240K, committed 7872K, reserved 1048576K
}
Event: 190.851 GC heap after
{Heap after GC invocations=53 (full 3):
 PSYoungGen      total 23552K, used 5320K [0x00000000d5580000, 0x00000000d7b80000, 0x0000000100000000)
  eden space 17920K, 0% used [0x00000000d5580000,0x00000000d5580000,0x00000000d6700000)
  from space 5632K, 94% used [0x00000000d7600000,0x00000000d7b322f0,0x00000000d7b80000)
  to   space 8192K, 0% used [0x00000000d6b80000,0x00000000d6b80000,0x00000000d7380000)
 ParOldGen       total 78336K, used 77838K [0x0000000080000000, 0x0000000084c80000, 0x00000000d5580000)
  object space 78336K, 99% used [0x0000000080000000,0x0000000084c03818,0x0000000084c80000)
 Metaspace       used 62911K, committed 64320K, reserved 1114112K
  class space    used 7240K, committed 7872K, reserved 1048576K
}
Event: 192.738 GC heap before
{Heap before GC invocations=54 (full 3):
 PSYoungGen      total 23552K, used 23240K [0x00000000d5580000, 0x00000000d7b80000, 0x0000000100000000)
  eden space 17920K, 100% used [0x00000000d5580000,0x00000000d6700000,0x00000000d6700000)
  from space 5632K, 94% used [0x00000000d7600000,0x00000000d7b322f0,0x00000000d7b80000)
  to   space 8192K, 0% used [0x00000000d6b80000,0x00000000d6b80000,0x00000000d7380000)
 ParOldGen       total 78336K, used 77838K [0x0000000080000000, 0x0000000084c80000, 0x00000000d5580000)
  object space 78336K, 99% used [0x0000000080000000,0x0000000084c03818,0x0000000084c80000)
 Metaspace       used 63445K, committed 64896K, reserved 1114112K
  class space    used 7290K, committed 7936K, reserved 1048576K
}
Event: 193.745 GC heap after
{Heap after GC invocations=54 (full 3):
 PSYoungGen      total 26112K, used 615K [0x00000000d5580000, 0x00000000d7680000, 0x0000000100000000)
  eden space 17920K, 0% used [0x00000000d5580000,0x00000000d5580000,0x00000000d6700000)
  from space 8192K, 7% used [0x00000000d6b80000,0x00000000d6c19cc0,0x00000000d7380000)
  to   space 3072K, 0% used [0x00000000d7380000,0x00000000d7380000,0x00000000d7680000)
 ParOldGen       total 83456K, used 83080K [0x0000000080000000, 0x0000000085180000, 0x00000000d5580000)
  object space 83456K, 99% used [0x0000000080000000,0x00000000851222a8,0x0000000085180000)
 Metaspace       used 63445K, committed 64896K, reserved 1114112K
  class space    used 7290K, committed 7936K, reserved 1048576K
}

