# JRE version: OpenJDK Runtime Environment Temurin-21.0.9+10 (21.0.9+10) (build 21.0.9+10-LTS)
# Java VM: OpenJDK 64-Bit Server VM Temurin-21.0.9+10 (21.0.9+10-LTS, mixed mode, sharing, tiered, compressed oops, compressed class ptrs, parallel gc, windows-amd64)
GC Precious Log:
 CardTable entry size: 512
 CPUs: 4 total, 4 available
 Memory: 3526M
 Large Page Support: Disabled
 NUMA Support: Disabled
 Compressed Oops: Enabled (32-bit)
 Alignments: Space 512K, Generation 512K, Heap 2M
 Heap Min Capacity: 100M
 Heap Initial Capacity: 100M
 Heap Max Capacity: 2G
 Pre-touch: Disabled
 Parallel Workers: 4
Heap:
 PSYoungGen      total 25088K, used 9878K [0x00000000d5580000, 0x00000000d7100000, 0x0000000100000000)
  eden space 22016K, 39% used [0x00000000d5580000,0x00000000d5de5980,0x00000000d6b00000)
  from space 3072K, 41% used [0x00000000d6b80000,0x00000000d6cc0090,0x00000000d6e80000)
  to   space 2048K, 0% used [0x00000000d6f00000,0x00000000d6f00000,0x00000000d7100000)
 ParOldGen       total 68608K, used 22324K [0x0000000080000000, 0x0000000084300000, 0x00000000d5580000)
  object space 68608K, 32% used [0x0000000080000000,0x00000000815cd230,0x0000000084300000)
 Metaspace       used 40235K, committed 41344K, reserved 1114112K
  class space    used 4301K, committed 4800K, reserved 1048576K
GC Heap History (20 events):
Event: 17.050 GC heap before
{Heap before GC invocations=8 (full 1):
 PSYoungGen      total 29184K, used 4132K [0x00000000d5580000, 0x00000000d7680000, 0x0000000100000000)
  eden space 24576K, 0% used [0x00000000d5580000,0x00000000d5580000,0x00000000d6d80000)
  from space 4608K, 89% used [0x00000000d6f00000,0x00000000d7309140,0x00000000d7380000)
  to   space 3072K, 0% used [0x00000000d7380000,0x00000000d7380000,0x00000000d7680000)
 ParOldGen       total 68608K, used 11197K [0x0000000080000000, 0x0000000084300000, 0x00000000d5580000)
  object space 68608K, 16% used [0x0000000080000000,0x0000000080aef7d0,0x0000000084300000)
 Metaspace       used 20695K, committed 21504K, reserved 1114112K
  class space    used 2184K, committed 2560K, reserved 1048576K
}
Event: 17.127 GC heap after
{Heap after GC invocations=8 (full 1):
 PSYoungGen      total 29184K, used 0K [0x00000000d5580000, 0x00000000d7680000, 0x0000000100000000)
  eden space 24576K, 0% used [0x00000000d5580000,0x00000000d5580000,0x00000000d6d80000)
  from space 4608K, 0% used [0x00000000d6f00000,0x00000000d6f00000,0x00000000d7380000)
  to   space 3072K, 0% used [0x00000000d7380000,0x00000000d7380000,0x00000000d7680000)
 ParOldGen       total 68608K, used 14700K [0x0000000080000000, 0x0000000084300000, 0x00000000d5580000)
  object space 68608K, 21% used [0x0000000080000000,0x0000000080e5b1a0,0x0000000084300000)
 Metaspace       used 20682K, committed 21504K, reserved 1114112K
  class space    used 2181K, committed 2560K, reserved 1048576K
}
Event: 17.899 GC heap before
{Heap before GC invocations=9 (full 1):
 PSYoungGen      total 29184K, used 24576K [0x00000000d5580000, 0x00000000d7680000, 0x0000000100000000)
  eden space 24576K, 100% used [0x00000000d5580000,0x00000000d6d80000,0x00000000d6d80000)
  from space 4608K, 0% used [0x00000000d6f00000,0x00000000d6f00000,0x00000000d7380000)
  to   space 3072K, 0% used [0x00000000d7380000,0x00000000d7380000,0x00000000d7680000)
 ParOldGen       total 68608K, used 14700K [0x0000000080000000, 0x0000000084300000, 0x00000000d5580000)
  object space 68608K, 21% used [0x0000000080000000,0x0000000080e5b1a0,0x0000000084300000)
 Metaspace       used 23055K, committed 23936K, reserved 1114112K
  class space    used 2343K, committed 2752K, reserved 1048576K
}
Event: 17.900 GC heap after
{Heap after GC invocations=9 (full 1):
 PSYoungGen      total 25088K, used 971K [0x00000000d5580000, 0x00000000d7480000, 0x0000000100000000)
  eden space 24064K, 0% used [0x00000000d5580000,0x00000000d5580000,0x00000000d6d00000)
  from space 1024K, 94% used [0x00000000d7380000,0x00000000d7472dc8,0x00000000d7480000)
  to   space 2560K, 0% used [0x00000000d6f80000,0x00000000d6f80000,0x00000000d7200000)
 ParOldGen       total 68608K, used 14700K [0x0000000080000000, 0x0000000084300000, 0x00000000d5580000)
  object space 68608K, 21% used [0x0000000080000000,0x0000000080e5b1a0,0x0000000084300000)
 Metaspace       used 23055K, committed 23936K, reserved 1114112K
  class space    used 2343K, committed 2752K, reserved 1048576K
}
Event: 18.491 GC heap before
{Heap before GC invocations=10 (full 1):
 PSYoungGen      total 25088K, used 24898K [0x00000000d5580000, 0x00000000d7480000, 0x0000000100000000)
  eden space 24064K, 99% used [0x00000000d5580000,0x00000000d6cddae8,0x00000000d6d00000)
  from space 1024K, 94% used [0x00000000d7380000,0x00000000d7472dc8,0x00000000d7480000)
  to   space 2560K, 0% used [0x00000000d6f80000,0x00000000d6f80000,0x00000000d7200000)
 ParOldGen       total 68608K, used 14700K [0x0000000080000000, 0x0000000084300000, 0x00000000d5580000)
  object space 68608K, 21% used [0x0000000080000000,0x0000000080e5b1a0,0x0000000084300000)
 Metaspace       used 26573K, committed 27456K, reserved 1114112K
  class space    used 2695K, committed 3072K, reserved 1048576K
}
Event: 18.495 GC heap after
{Heap after GC invocations=10 (full 1):
 PSYoungGen      total 25600K, used 2009K [0x00000000d5580000, 0x00000000d7400000, 0x0000000100000000)
  eden space 23552K, 0% used [0x00000000d5580000,0x00000000d5580000,0x00000000d6c80000)
  from space 2048K, 98% used [0x00000000d6f80000,0x00000000d71764c0,0x00000000d7180000)
  to   space 2560K, 0% used [0x00000000d7180000,0x00000000d7180000,0x00000000d7400000)
 ParOldGen       total 68608K, used 14708K [0x0000000080000000, 0x0000000084300000, 0x00000000d5580000)
  object space 68608K, 21% used [0x0000000080000000,0x0000000080e5d1a0,0x0000000084300000)
 Metaspace       used 26573K, committed 27456K, reserved 1114112K
  class space    used 2695K, committed 3072K, reserved 1048576K
}
Event: 18.825 GC heap before
{Heap before GC invocations=11 (full 1):
 PSYoungGen      total 25600K, used 25561K [0x00000000d5580000, 0x00000000d7400000, 0x0000000100000000)
  eden space 23552K, 100% used [0x00000000d5580000,0x00000000d6c80000,0x00000000d6c80000)
  from space 2048K, 98% used [0x00000000d6f80000,0x00000000d71764c0,0x00000000d7180000)
  to   space 2560K, 0% used [0x00000000d7180000,0x00000000d7180000,0x00000000d7400000)
 ParOldGen       total 68608K, used 14711K [0x0000000080000000, 0x0000000084300000, 0x00000000d5580000)
  object space 68608K, 21% used [0x0000000080000000,0x0000000080e5dd50,0x0000000084300000)
 Metaspace       used 28450K, committed 29312K, reserved 1114112K
  class space    used 2845K, committed 3200K, reserved 1048576K
}
Event: 18.832 GC heap after
{Heap after GC invocations=11 (full 1):
 PSYoungGen      total 26112K, used 2341K [0x00000000d5580000, 0x00000000d7400000, 0x0000000100000000)
  eden space 23552K, 0% used [0x00000000d5580000,0x00000000d5580000,0x00000000d6c80000)
  from space 2560K, 91% used [0x00000000d7180000,0x00000000d73c9468,0x00000000d7400000)
  to   space 2560K, 0% used [0x00000000d6f00000,0x00000000d6f00000,0x00000000d7180000)
 ParOldGen       total 68608K, used 15604K [0x0000000080000000, 0x0000000084300000, 0x00000000d5580000)
  object space 68608K, 22% used [0x0000000080000000,0x0000000080f3d3d8,0x0000000084300000)
 Metaspace       used 28450K, committed 29312K, reserved 1114112K
  class space    used 2845K, committed 3200K, reserved 1048576K
}
Event: 20.157 GC heap before
{Heap before GC invocations=12 (full 1):
 PSYoungGen      total 26112K, used 25893K [0x00000000d5580000, 0x00000000d7400000, 0x0000000100000000)
  eden space 23552K, 100% used [0x00000000d5580000,0x00000000d6c80000,0x00000000d6c80000)
  from space 2560K, 91% used [0x00000000d7180000,0x00000000d73c9468,0x00000000d7400000)
  to   space 2560K, 0% used [0x00000000d6f00000,0x00000000d6f00000,0x00000000d7180000)
 ParOldGen       total 68608K, used 15653K [0x0000000080000000, 0x0000000084300000, 0x00000000d5580000)
  object space 68608K, 22% used [0x0000000080000000,0x0000000080f49590,0x0000000084300000)
 Metaspace       used 30718K, committed 31680K, reserved 1114112K
  class space    used 3122K, committed 3520K, reserved 1048576K
}
Event: 20.162 GC heap after
{Heap after GC invocations=12 (full 1):
 PSYoungGen      total 25088K, used 1598K [0x00000000d5580000, 0x00000000d7200000, 0x0000000100000000)
  eden space 23040K, 0% used [0x00000000d5580000,0x00000000d5580000,0x00000000d6c00000)
  from space 2048K, 78% used [0x00000000d6f00000,0x00000000d708fa80,0x00000000d7100000)
  to   space 1024K, 0% used [0x00000000d7100000,0x00000000d7100000,0x00000000d7200000)
 ParOldGen       total 68608K, used 17850K [0x0000000080000000, 0x0000000084300000, 0x00000000d5580000)
  object space 68608K, 26% used [0x0000000080000000,0x000000008116ea08,0x0000000084300000)
 Metaspace       used 30718K, committed 31680K, reserved 1114112K
  class space    used 3122K, committed 3520K, reserved 1048576K
}
Event: 21.029 GC heap before
{Heap before GC invocations=13 (full 1):
 PSYoungGen      total 25088K, used 24638K [0x00000000d5580000, 0x00000000d7200000, 0x0000000100000000)
  eden space 23040K, 100% used [0x00000000d5580000,0x00000000d6c00000,0x00000000d6c00000)
  from space 2048K, 78% used [0x00000000d6f00000,0x00000000d708fa80,0x00000000d7100000)
  to   space 1024K, 0% used [0x00000000d7100000,0x00000000d7100000,0x00000000d7200000)
 ParOldGen       total 68608K, used 17850K [0x0000000080000000, 0x0000000084300000, 0x00000000d5580000)
  object space 68608K, 26% used [0x0000000080000000,0x000000008116ea08,0x0000000084300000)
 Metaspace       used 33185K, committed 34240K, reserved 1114112K
  class space    used 3405K, committed 3840K, reserved 1048576K
}
Event: 21.036 GC heap after
{Heap after GC invocations=13 (full 1):
 PSYoungGen      total 23552K, used 1020K [0x00000000d5580000, 0x00000000d7200000, 0x0000000100000000)
  eden space 22528K, 0% used [0x00000000d5580000,0x00000000d5580000,0x00000000d6b80000)
  from space 1024K, 99% used [0x00000000d7100000,0x00000000d71ff338,0x00000000d7200000)
  to   space 1536K, 0% used [0x00000000d6f00000,0x00000000d6f00000,0x00000000d7080000)
 ParOldGen       total 68608K, used 19259K [0x0000000080000000, 0x0000000084300000, 0x00000000d5580000)
  object space 68608K, 28% used [0x0000000080000000,0x00000000812cee78,0x0000000084300000)
 Metaspace       used 33185K, committed 34240K, reserved 1114112K
  class space    used 3405K, committed 3840K, reserved 1048576K
}
Event: 21.912 GC heap before
{Heap before GC invocations=14 (full 1):
 PSYoungGen      total 23552K, used 18977K [0x00000000d5580000, 0x00000000d7200000, 0x0000000100000000)
  eden space 22528K, 79% used [0x00000000d5580000,0x00000000d6709400,0x00000000d6b80000)
  from space 1024K, 99% used [0x00000000d7100000,0x00000000d71ff338,0x00000000d7200000)
  to   space 1536K, 0% used [0x00000000d6f00000,0x00000000d6f00000,0x00000000d7080000)
 ParOldGen       total 68608K, used 19259K [0x0000000080000000, 0x0000000084300000, 0x00000000d5580000)
  object space 68608K, 28% used [0x0000000080000000,0x00000000812cee78,0x0000000084300000)
 Metaspace       used 34900K, committed 35840K, reserved 1114112K
  class space    used 3625K, committed 4032K, reserved 1048576K
}
Event: 21.915 GC heap after
{Heap after GC invocations=14 (full 1):
 PSYoungGen      total 24064K, used 640K [0x00000000d5580000, 0x00000000d7180000, 0x0000000100000000)
  eden space 22528K, 0% used [0x00000000d5580000,0x00000000d5580000,0x00000000d6b80000)
  from space 1536K, 41% used [0x00000000d6f00000,0x00000000d6fa0000,0x00000000d7080000)
  to   space 1024K, 0% used [0x00000000d7080000,0x00000000d7080000,0x00000000d7180000)
 ParOldGen       total 68608K, used 20090K [0x0000000080000000, 0x0000000084300000, 0x00000000d5580000)
  object space 68608K, 29% used [0x0000000080000000,0x000000008139e988,0x0000000084300000)
 Metaspace       used 34900K, committed 35840K, reserved 1114112K
  class space    used 3625K, committed 4032K, reserved 1048576K
}
Event: 21.916 GC heap before
{Heap before GC invocations=15 (full 2):
 PSYoungGen      total 24064K, used 640K [0x00000000d5580000, 0x00000000d7180000, 0x0000000100000000)
  eden space 22528K, 0% used [0x00000000d5580000,0x00000000d5580000,0x00000000d6b80000)
  from space 1536K, 41% used [0x00000000d6f00000,0x00000000d6fa0000,0x00000000d7080000)
  to   space 1024K, 0% used [0x00000000d7080000,0x00000000d7080000,0x00000000d7180000)
 ParOldGen       total 68608K, used 20090K [0x0000000080000000, 0x0000000084300000, 0x00000000d5580000)
  object space 68608K, 29% used [0x0000000080000000,0x000000008139e988,0x0000000084300000)
 Metaspace       used 34900K, committed 35840K, reserved 1114112K
  class space    used 3625K, committed 4032K, reserved 1048576K
}
Event: 21.992 GC heap after
{Heap after GC invocations=15 (full 2):
 PSYoungGen      total 24064K, used 0K [0x00000000d5580000, 0x00000000d7180000, 0x0000000100000000)
  eden space 22528K, 0% used [0x00000000d5580000,0x00000000d5580000,0x00000000d6b80000)
  from space 1536K, 0% used [0x00000000d6f00000,0x00000000d6f00000,0x00000000d7080000)
  to   space 1024K, 0% used [0x00000000d7080000,0x00000000d7080000,0x00000000d7180000)
 ParOldGen       total 68608K, used 19989K [0x0000000080000000, 0x0000000084300000, 0x00000000d5580000)
  object space 68608K, 29% used [0x0000000080000000,0x0000000081385428,0x0000000084300000)
 Metaspace       used 34884K, committed 35840K, reserved 1114112K
  class space    used 3620K, committed 4032K, reserved 1048576K
}
Event: 22.465 GC heap before
{Heap before GC invocations=16 (full 2):
 PSYoungGen      total 24064K, used 22528K [0x00000000d5580000, 0x00000000d7180000, 0x0000000100000000)
  eden space 22528K, 100% used [0x00000000d5580000,0x00000000d6b80000,0x00000000d6b80000)
  from space 1536K, 0% used [0x00000000d6f00000,0x00000000d6f00000,0x00000000d7080000)
  to   space 1024K, 0% used [0x00000000d7080000,0x00000000d7080000,0x00000000d7180000)
 ParOldGen       total 68608K, used 19991K [0x0000000080000000, 0x0000000084300000, 0x00000000d5580000)
  object space 68608K, 29% used [0x0000000080000000,0x0000000081385f98,0x0000000084300000)
 Metaspace       used 37220K, committed 38400K, reserved 1114112K
  class space    used 3902K, committed 4416K, reserved 1048576K
}
Event: 22.469 GC heap after
{Heap after GC invocations=16 (full 2):
 PSYoungGen      total 23040K, used 1009K [0x00000000d5580000, 0x00000000d7180000, 0x0000000100000000)
  eden space 22016K, 0% used [0x00000000d5580000,0x00000000d5580000,0x00000000d6b00000)
  from space 1024K, 98% used [0x00000000d7080000,0x00000000d717c648,0x00000000d7180000)
  to   space 3072K, 0% used [0x00000000d6b80000,0x00000000d6b80000,0x00000000d6e80000)
 ParOldGen       total 68608K, used 21374K [0x0000000080000000, 0x0000000084300000, 0x00000000d5580000)
  object space 68608K, 31% used [0x0000000080000000,0x00000000814df990,0x0000000084300000)
 Metaspace       used 37220K, committed 38400K, reserved 1114112K
  class space    used 3902K, committed 4416K, reserved 1048576K
}
Event: 23.131 GC heap before
{Heap before GC invocations=17 (full 2):
 PSYoungGen      total 23040K, used 23025K [0x00000000d5580000, 0x00000000d7180000, 0x0000000100000000)
  eden space 22016K, 100% used [0x00000000d5580000,0x00000000d6b00000,0x00000000d6b00000)
  from space 1024K, 98% used [0x00000000d7080000,0x00000000d717c648,0x00000000d7180000)
  to   space 3072K, 0% used [0x00000000d6b80000,0x00000000d6b80000,0x00000000d6e80000)
 ParOldGen       total 68608K, used 21374K [0x0000000080000000, 0x0000000084300000, 0x00000000d5580000)
  object space 68608K, 31% used [0x0000000080000000,0x00000000814df990,0x0000000084300000)
 Metaspace       used 39517K, committed 40704K, reserved 1114112K
  class space    used 4204K, committed 4736K, reserved 1048576K
}
Event: 23.148 GC heap after
{Heap after GC invocations=17 (full 2):
 PSYoungGen      total 25088K, used 1280K [0x00000000d5580000, 0x00000000d7100000, 0x0000000100000000)
  eden space 22016K, 0% used [0x00000000d5580000,0x00000000d5580000,0x00000000d6b00000)
  from space 3072K, 41% used [0x00000000d6b80000,0x00000000d6cc0090,0x00000000d6e80000)
  to   space 2048K, 0% used [0x00000000d6f00000,0x00000000d6f00000,0x00000000d7100000)
 ParOldGen       total 68608K, used 22324K [0x0000000080000000, 0x0000000084300000, 0x00000000d5580000)
  object space 68608K, 32% used [0x0000000080000000,0x00000000815cd230,0x0000000084300000)
 Metaspace       used 39517K, committed 40704K, reserved 1114112K
  class space    used 4204K, committed 4736K, reserved 1048576K
}

