# JRE version: OpenJDK Runtime Environment Temurin-17.0.11+9 (17.0.11+9) (build 17.0.11+9)
# Java VM: OpenJDK 64-Bit Server VM Temurin-17.0.11+9 (17.0.11+9, mixed mode, sharing, tiered, compressed oops, compressed class ptrs, g1 gc, windows-amd64)
GC Precious Log:
 CPUs: 4 total, 4 available
 Memory: 3526M
 Large Page Support: Disabled
 NUMA Support: Disabled
 Compressed Oops: Enabled (32-bit)
 Heap Region Size: 1M
 Heap Min Capacity: 8M
 Heap Initial Capacity: 56M
 Heap Max Capacity: 1536M
 Pre-touch: Disabled
 Parallel Workers: 4
 Concurrent Workers: 1
 Concurrent Refinement Workers: 4
 Periodic GC: Disabled
Heap:
 garbage-first heap   total 149504K, used 85772K [0x00000000a0000000, 0x0000000100000000)
  region size 1024K, 4 young (4096K), 4 survivors (4096K)
 Metaspace       used 79730K, committed 80576K, reserved 557056K
  class space    used 10995K, committed 11456K, reserved 425984K
GC Heap History (20 events):
Event: 67.351 GC heap after
{Heap after GC invocations=52 (full 0):
 garbage-first heap   total 149504K, used 57110K [0x00000000a0000000, 0x0000000100000000)
  region size 1024K, 2 young (2048K), 2 survivors (2048K)
 Metaspace       used 64719K, committed 65472K, reserved 491520K
  class space    used 9111K, committed 9472K, reserved 425984K
}
Event: 72.600 GC heap before
{Heap before GC invocations=52 (full 0):
 garbage-first heap   total 149504K, used 120598K [0x00000000a0000000, 0x0000000100000000)
  region size 1024K, 64 young (65536K), 2 survivors (2048K)
 Metaspace       used 68126K, committed 68864K, reserved 491520K
  class space    used 9549K, committed 9920K, reserved 425984K
}
Event: 72.622 GC heap after
{Heap after GC invocations=53 (full 0):
 garbage-first heap   total 149504K, used 62704K [0x00000000a0000000, 0x0000000100000000)
  region size 1024K, 8 young (8192K), 8 survivors (8192K)
 Metaspace       used 68126K, committed 68864K, reserved 491520K
  class space    used 9549K, committed 9920K, reserved 425984K
}
Event: 78.011 GC heap before
{Heap before GC invocations=53 (full 0):
 garbage-first heap   total 149504K, used 119024K [0x00000000a0000000, 0x0000000100000000)
  region size 1024K, 63 young (64512K), 8 survivors (8192K)
 Metaspace       used 71843K, committed 72640K, reserved 491520K
  class space    used 10157K, committed 10496K, reserved 425984K
}
Event: 78.043 GC heap after
{Heap after GC invocations=54 (full 0):
 garbage-first heap   total 149504K, used 67670K [0x00000000a0000000, 0x0000000100000000)
  region size 1024K, 6 young (6144K), 6 survivors (6144K)
 Metaspace       used 71843K, committed 72640K, reserved 491520K
  class space    used 10157K, committed 10496K, reserved 425984K
}
Event: 92.659 GC heap before
{Heap before GC invocations=55 (full 0):
 garbage-first heap   total 149504K, used 122966K [0x00000000a0000000, 0x0000000100000000)
  region size 1024K, 56 young (57344K), 6 survivors (6144K)
 Metaspace       used 77567K, committed 78400K, reserved 557056K
  class space    used 10796K, committed 11200K, reserved 425984K
}
Event: 92.689 GC heap after
{Heap after GC invocations=56 (full 0):
 garbage-first heap   total 149504K, used 73492K [0x00000000a0000000, 0x0000000100000000)
  region size 1024K, 4 young (4096K), 4 survivors (4096K)
 Metaspace       used 77567K, committed 78400K, reserved 557056K
  class space    used 10796K, committed 11200K, reserved 425984K
}
Event: 93.903 GC heap before
{Heap before GC invocations=56 (full 0):
 garbage-first heap   total 149504K, used 76564K [0x00000000a0000000, 0x0000000100000000)
  region size 1024K, 7 young (7168K), 4 survivors (4096K)
 Metaspace       used 77726K, committed 78592K, reserved 557056K
  class space    used 10818K, committed 11264K, reserved 425984K
}
Event: 93.918 GC heap after
{Heap after GC invocations=57 (full 0):
 garbage-first heap   total 149504K, used 73344K [0x00000000a0000000, 0x0000000100000000)
  region size 1024K, 1 young (1024K), 1 survivors (1024K)
 Metaspace       used 77726K, committed 78592K, reserved 557056K
  class space    used 10818K, committed 11264K, reserved 425984K
}
Event: 99.113 GC heap before
{Heap before GC invocations=57 (full 0):
 garbage-first heap   total 149504K, used 120448K [0x00000000a0000000, 0x0000000100000000)
  region size 1024K, 48 young (49152K), 1 survivors (1024K)
 Metaspace       used 79460K, committed 80320K, reserved 557056K
  class space    used 10990K, committed 11392K, reserved 425984K
}
Event: 99.163 GC heap after
{Heap after GC invocations=58 (full 0):
 garbage-first heap   total 149504K, used 79016K [0x00000000a0000000, 0x0000000100000000)
  region size 1024K, 6 young (6144K), 6 survivors (6144K)
 Metaspace       used 79460K, committed 80320K, reserved 557056K
  class space    used 10990K, committed 11392K, reserved 425984K
}
Event: 105.729 GC heap before
{Heap before GC invocations=58 (full 0):
 garbage-first heap   total 149504K, used 119976K [0x00000000a0000000, 0x0000000100000000)
  region size 1024K, 47 young (48128K), 6 survivors (6144K)
 Metaspace       used 79716K, committed 80576K, reserved 557056K
  class space    used 10994K, committed 11456K, reserved 425984K
}
Event: 107.349 GC heap after
{Heap after GC invocations=59 (full 0):
 garbage-first heap   total 149504K, used 82005K [0x00000000a0000000, 0x0000000100000000)
  region size 1024K, 4 young (4096K), 4 survivors (4096K)
 Metaspace       used 79716K, committed 80576K, reserved 557056K
  class space    used 10994K, committed 11456K, reserved 425984K
}
Event: 110.933 GC heap before
{Heap before GC invocations=59 (full 0):
 garbage-first heap   total 149504K, used 88149K [0x00000000a0000000, 0x0000000100000000)
  region size 1024K, 11 young (11264K), 4 survivors (4096K)
 Metaspace       used 79717K, committed 80576K, reserved 557056K
  class space    used 10994K, committed 11456K, reserved 425984K
}
Event: 110.993 GC heap after
{Heap after GC invocations=60 (full 0):
 garbage-first heap   total 149504K, used 82297K [0x00000000a0000000, 0x0000000100000000)
  region size 1024K, 2 young (2048K), 2 survivors (2048K)
 Metaspace       used 79717K, committed 80576K, reserved 557056K
  class space    used 10994K, committed 11456K, reserved 425984K
}
Event: 113.932 GC heap before
{Heap before GC invocations=61 (full 0):
 garbage-first heap   total 149504K, used 105849K [0x00000000a0000000, 0x0000000100000000)
  region size 1024K, 25 young (25600K), 2 survivors (2048K)
 Metaspace       used 79728K, committed 80576K, reserved 557056K
  class space    used 10995K, committed 11456K, reserved 425984K
}
Event: 113.939 GC heap after
{Heap after GC invocations=62 (full 0):
 garbage-first heap   total 149504K, used 84397K [0x00000000a0000000, 0x0000000100000000)
  region size 1024K, 4 young (4096K), 4 survivors (4096K)
 Metaspace       used 79728K, committed 80576K, reserved 557056K
  class space    used 10995K, committed 11456K, reserved 425984K
}
Event: 114.222 GC heap before
{Heap before GC invocations=62 (full 0):
 garbage-first heap   total 149504K, used 86445K [0x00000000a0000000, 0x0000000100000000)
  region size 1024K, 7 young (7168K), 4 survivors (4096K)
 Metaspace       used 79728K, committed 80576K, reserved 557056K
  class space    used 10995K, committed 11456K, reserved 425984K
}
Event: 114.293 GC heap after
{Heap after GC invocations=63 (full 0):
 garbage-first heap   total 149504K, used 83378K [0x00000000a0000000, 0x0000000100000000)
  region size 1024K, 1 young (1024K), 1 survivors (1024K)
 Metaspace       used 79728K, committed 80576K, reserved 557056K
  class space    used 10995K, committed 11456K, reserved 425984K
}
Event: 117.964 GC heap before
{Heap before GC invocations=63 (full 0):
 garbage-first heap   total 149504K, used 122290K [0x00000000a0000000, 0x0000000100000000)
  region size 1024K, 39 young (39936K), 1 survivors (1024K)
 Metaspace       used 79730K, committed 80576K, reserved 557056K
  class space    used 10995K, committed 11456K, reserved 425984K
}

