# JRE version: OpenJDK Runtime Environment Temurin-17.0.11+9 (17.0.11+9) (build 17.0.11+9)
# Java VM: OpenJDK 64-Bit Server VM Temurin-17.0.11+9 (17.0.11+9, mixed mode, sharing, tiered, compressed oops, compressed class ptrs, g1 gc, windows-amd64)
GC Precious Log:
 CPUs: 4 total, 4 available
 Memory: 3526M
 Large Page Support: Disabled
 NUMA Support: Disabled
 Compressed Oops: Enabled (32-bit)
 Heap Region Size: 1M
 Heap Min Capacity: 8M
 Heap Initial Capacity: 56M
 Heap Max Capacity: 1536M
 Pre-touch: Disabled
 Parallel Workers: 4
 Concurrent Workers: 1
 Concurrent Refinement Workers: 4
 Periodic GC: Disabled
Heap:
 garbage-first heap   total 57344K, used 28488K [0x00000000a0000000, 0x0000000100000000)
  region size 1024K, 11 young (11264K), 2 survivors (2048K)
 Metaspace       used 14025K, committed 14336K, reserved 491520K
  class space    used 1921K, committed 2048K, reserved 425984K
GC Heap History (12 events):
Event: 3.941 GC heap before
{Heap before GC invocations=0 (full 0):
 garbage-first heap   total 57344K, used 12288K [0x00000000a0000000, 0x0000000100000000)
  region size 1024K, 13 young (13312K), 0 survivors (0K)
 Metaspace       used 750K, committed 832K, reserved 491520K
  class space    used 61K, committed 128K, reserved 425984K
}
Event: 3.971 GC heap after
{Heap after GC invocations=1 (full 0):
 garbage-first heap   total 57344K, used 1240K [0x00000000a0000000, 0x0000000100000000)
  region size 1024K, 2 young (2048K), 2 survivors (2048K)
 Metaspace       used 750K, committed 832K, reserved 491520K
  class space    used 61K, committed 128K, reserved 425984K
}
Event: 8.299 GC heap before
{Heap before GC invocations=1 (full 0):
 garbage-first heap   total 57344K, used 22744K [0x00000000a0000000, 0x0000000100000000)
  region size 1024K, 21 young (21504K), 2 survivors (2048K)
 Metaspace       used 2316K, committed 2432K, reserved 491520K
  class space    used 255K, committed 320K, reserved 425984K
}
Event: 8.308 GC heap after
{Heap after GC invocations=2 (full 0):
 garbage-first heap   total 57344K, used 9574K [0x00000000a0000000, 0x0000000100000000)
  region size 1024K, 3 young (3072K), 3 survivors (3072K)
 Metaspace       used 2316K, committed 2432K, reserved 491520K
  class space    used 255K, committed 320K, reserved 425984K
}
Event: 11.640 GC heap before
{Heap before GC invocations=2 (full 0):
 garbage-first heap   total 57344K, used 39270K [0x00000000a0000000, 0x0000000100000000)
  region size 1024K, 32 young (32768K), 3 survivors (3072K)
 Metaspace       used 4424K, committed 4608K, reserved 491520K
  class space    used 548K, committed 640K, reserved 425984K
}
Event: 11.650 GC heap after
{Heap after GC invocations=3 (full 0):
 garbage-first heap   total 57344K, used 11197K [0x00000000a0000000, 0x0000000100000000)
  region size 1024K, 2 young (2048K), 2 survivors (2048K)
 Metaspace       used 4424K, committed 4608K, reserved 491520K
  class space    used 548K, committed 640K, reserved 425984K
}
Event: 13.029 GC heap before
{Heap before GC invocations=3 (full 0):
 garbage-first heap   total 57344K, used 40893K [0x00000000a0000000, 0x0000000100000000)
  region size 1024K, 29 young (29696K), 2 survivors (2048K)
 Metaspace       used 4473K, committed 4608K, reserved 491520K
  class space    used 548K, committed 640K, reserved 425984K
}
Event: 13.035 GC heap after
{Heap after GC invocations=4 (full 0):
 garbage-first heap   total 57344K, used 13468K [0x00000000a0000000, 0x0000000100000000)
  region size 1024K, 3 young (3072K), 3 survivors (3072K)
 Metaspace       used 4473K, committed 4608K, reserved 491520K
  class space    used 548K, committed 640K, reserved 425984K
}
Event: 15.386 GC heap before
{Heap before GC invocations=4 (full 0):
 garbage-first heap   total 57344K, used 41116K [0x00000000a0000000, 0x0000000100000000)
  region size 1024K, 30 young (30720K), 3 survivors (3072K)
 Metaspace       used 8183K, committed 8384K, reserved 491520K
  class space    used 1093K, committed 1152K, reserved 425984K
}
Event: 15.400 GC heap after
{Heap after GC invocations=5 (full 0):
 garbage-first heap   total 57344K, used 18013K [0x00000000a0000000, 0x0000000100000000)
  region size 1024K, 4 young (4096K), 4 survivors (4096K)
 Metaspace       used 8183K, committed 8384K, reserved 491520K
  class space    used 1093K, committed 1152K, reserved 425984K
}
Event: 19.414 GC heap before
{Heap before GC invocations=5 (full 0):
 garbage-first heap   total 57344K, used 40541K [0x00000000a0000000, 0x0000000100000000)
  region size 1024K, 27 young (27648K), 4 survivors (4096K)
 Metaspace       used 12820K, committed 12992K, reserved 491520K
  class space    used 1729K, committed 1792K, reserved 425984K
}
Event: 19.424 GC heap after
{Heap after GC invocations=6 (full 0):
 garbage-first heap   total 57344K, used 20296K [0x00000000a0000000, 0x0000000100000000)
  region size 1024K, 2 young (2048K), 2 survivors (2048K)
 Metaspace       used 12820K, committed 12992K, reserved 491520K
  class space    used 1729K, committed 1792K, reserved 425984K
}

