# JRE version: OpenJDK Runtime Environment Temurin-17.0.11+9 (17.0.11+9) (build 17.0.11+9)
# Java VM: OpenJDK 64-Bit Server VM Temurin-17.0.11+9 (17.0.11+9, mixed mode, sharing, tiered, compressed oops, compressed class ptrs, g1 gc, windows-amd64)
GC Precious Log:
 CPUs: 4 total, 4 available
 Memory: 3526M
 Large Page Support: Disabled
 NUMA Support: Disabled
 Compressed Oops: Enabled (32-bit)
 Heap Region Size: 1M
 Heap Min Capacity: 8M
 Heap Initial Capacity: 56M
 Heap Max Capacity: 2G
 Pre-touch: Disabled
 Parallel Workers: 4
 Concurrent Workers: 1
 Concurrent Refinement Workers: 4
 Periodic GC: Disabled
Heap:
 garbage-first heap   total 209920K, used 154199K [0x0000000080000000, 0x0000000100000000)
  region size 1024K, 47 young (48128K), 5 survivors (5120K)
 Metaspace       used 115927K, committed 116800K, reserved 557056K
  class space    used 15026K, committed 15424K, reserved 425984K
GC Heap History (20 events):
Event: 75.060 GC heap before
{Heap before GC invocations=48 (full 0):
 garbage-first heap   total 132096K, used 100937K [0x0000000080000000, 0x0000000100000000)
  region size 1024K, 25 young (25600K), 1 survivors (1024K)
 Metaspace       used 77056K, committed 77888K, reserved 557056K
  class space    used 10852K, committed 11200K, reserved 425984K
}
Event: 75.064 GC heap after
{Heap after GC invocations=49 (full 0):
 garbage-first heap   total 132096K, used 77897K [0x0000000080000000, 0x0000000100000000)
  region size 1024K, 1 young (1024K), 1 survivors (1024K)
 Metaspace       used 77056K, committed 77888K, reserved 557056K
  class space    used 10852K, committed 11200K, reserved 425984K
}
Event: 75.930 GC heap before
{Heap before GC invocations=50 (full 0):
 garbage-first heap   total 140288K, used 104521K [0x0000000080000000, 0x0000000100000000)
  region size 1024K, 27 young (27648K), 1 survivors (1024K)
 Metaspace       used 79261K, committed 80064K, reserved 557056K
  class space    used 11095K, committed 11456K, reserved 425984K
}
Event: 75.937 GC heap after
{Heap after GC invocations=51 (full 0):
 garbage-first heap   total 140288K, used 81246K [0x0000000080000000, 0x0000000100000000)
  region size 1024K, 4 young (4096K), 4 survivors (4096K)
 Metaspace       used 79261K, committed 80064K, reserved 557056K
  class space    used 11095K, committed 11456K, reserved 425984K
}
Event: 76.016 GC heap before
{Heap before GC invocations=51 (full 0):
 garbage-first heap   total 140288K, used 82270K [0x0000000080000000, 0x0000000100000000)
  region size 1024K, 6 young (6144K), 4 survivors (4096K)
 Metaspace       used 79463K, committed 80320K, reserved 557056K
  class space    used 11110K, committed 11520K, reserved 425984K
}
Event: 76.023 GC heap after
{Heap after GC invocations=52 (full 0):
 garbage-first heap   total 181248K, used 80810K [0x0000000080000000, 0x0000000100000000)
  region size 1024K, 1 young (1024K), 1 survivors (1024K)
 Metaspace       used 79463K, committed 80320K, reserved 557056K
  class space    used 11110K, committed 11520K, reserved 425984K
}
Event: 78.736 GC heap before
{Heap before GC invocations=52 (full 0):
 garbage-first heap   total 181248K, used 135082K [0x0000000080000000, 0x0000000100000000)
  region size 1024K, 55 young (56320K), 1 survivors (1024K)
 Metaspace       used 85890K, committed 86720K, reserved 557056K
  class space    used 11768K, committed 12160K, reserved 425984K
}
Event: 78.745 GC heap after
{Heap after GC invocations=53 (full 0):
 garbage-first heap   total 181248K, used 81876K [0x0000000080000000, 0x0000000100000000)
  region size 1024K, 2 young (2048K), 2 survivors (2048K)
 Metaspace       used 85890K, committed 86720K, reserved 557056K
  class space    used 11768K, committed 12160K, reserved 425984K
}
Event: 81.819 GC heap before
{Heap before GC invocations=53 (full 0):
 garbage-first heap   total 181248K, used 144340K [0x0000000080000000, 0x0000000100000000)
  region size 1024K, 64 young (65536K), 2 survivors (2048K)
 Metaspace       used 91902K, committed 92800K, reserved 557056K
  class space    used 12395K, committed 12800K, reserved 425984K
}
Event: 81.839 GC heap after
{Heap after GC invocations=54 (full 0):
 garbage-first heap   total 181248K, used 87728K [0x0000000080000000, 0x0000000100000000)
  region size 1024K, 8 young (8192K), 8 survivors (8192K)
 Metaspace       used 91902K, committed 92800K, reserved 557056K
  class space    used 12395K, committed 12800K, reserved 425984K
}
Event: 84.745 GC heap before
{Heap before GC invocations=54 (full 0):
 garbage-first heap   total 181248K, used 145072K [0x0000000080000000, 0x0000000100000000)
  region size 1024K, 63 young (64512K), 8 survivors (8192K)
 Metaspace       used 95296K, committed 96128K, reserved 557056K
  class space    used 12833K, committed 13184K, reserved 425984K
}
Event: 84.883 GC heap after
{Heap after GC invocations=55 (full 0):
 garbage-first heap   total 181248K, used 100186K [0x0000000080000000, 0x0000000100000000)
  region size 1024K, 8 young (8192K), 8 survivors (8192K)
 Metaspace       used 95296K, committed 96128K, reserved 557056K
  class space    used 12833K, committed 13184K, reserved 425984K
}
Event: 88.157 GC heap before
{Heap before GC invocations=55 (full 0):
 garbage-first heap   total 181248K, used 141146K [0x0000000080000000, 0x0000000100000000)
  region size 1024K, 49 young (50176K), 8 survivors (8192K)
 Metaspace       used 99454K, committed 100288K, reserved 557056K
  class space    used 13243K, committed 13632K, reserved 425984K
}
Event: 88.270 GC heap after
{Heap after GC invocations=56 (full 0):
 garbage-first heap   total 181248K, used 105556K [0x0000000080000000, 0x0000000100000000)
  region size 1024K, 5 young (5120K), 5 survivors (5120K)
 Metaspace       used 99454K, committed 100288K, reserved 557056K
  class space    used 13243K, committed 13632K, reserved 425984K
}
Event: 91.863 GC heap before
{Heap before GC invocations=57 (full 0):
 garbage-first heap   total 206848K, used 144468K [0x0000000080000000, 0x0000000100000000)
  region size 1024K, 43 young (44032K), 5 survivors (5120K)
 Metaspace       used 103549K, committed 104384K, reserved 557056K
  class space    used 13644K, committed 14016K, reserved 425984K
}
Event: 91.886 GC heap after
{Heap after GC invocations=58 (full 0):
 garbage-first heap   total 206848K, used 108588K [0x0000000080000000, 0x0000000100000000)
  region size 1024K, 4 young (4096K), 4 survivors (4096K)
 Metaspace       used 103549K, committed 104384K, reserved 557056K
  class space    used 13644K, committed 14016K, reserved 425984K
}
Event: 94.653 GC heap before
{Heap before GC invocations=58 (full 0):
 garbage-first heap   total 206848K, used 113708K [0x0000000080000000, 0x0000000100000000)
  region size 1024K, 10 young (10240K), 4 survivors (4096K)
 Metaspace       used 104405K, committed 105216K, reserved 557056K
  class space    used 13734K, committed 14080K, reserved 425984K
}
Event: 94.691 GC heap after
{Heap after GC invocations=59 (full 0):
 garbage-first heap   total 206848K, used 108621K [0x0000000080000000, 0x0000000100000000)
  region size 1024K, 1 young (1024K), 1 survivors (1024K)
 Metaspace       used 104405K, committed 105216K, reserved 557056K
  class space    used 13734K, committed 14080K, reserved 425984K
}
Event: 101.319 GC heap before
{Heap before GC invocations=59 (full 0):
 garbage-first heap   total 206848K, used 166989K [0x0000000080000000, 0x0000000100000000)
  region size 1024K, 58 young (59392K), 1 survivors (1024K)
 Metaspace       used 110549K, committed 111424K, reserved 557056K
  class space    used 14480K, committed 14848K, reserved 425984K
}
Event: 101.379 GC heap after
{Heap after GC invocations=60 (full 0):
 garbage-first heap   total 206848K, used 112215K [0x0000000080000000, 0x0000000100000000)
  region size 1024K, 5 young (5120K), 5 survivors (5120K)
 Metaspace       used 110549K, committed 111424K, reserved 557056K
  class space    used 14480K, committed 14848K, reserved 425984K
}

