# JRE version: OpenJDK Runtime Environment Temurin-17.0.11+9 (17.0.11+9) (build 17.0.11+9)
# Java VM: OpenJDK 64-Bit Server VM Temurin-17.0.11+9 (17.0.11+9, mixed mode, sharing, tiered, compressed oops, compressed class ptrs, g1 gc, windows-amd64)
GC Precious Log:
 CPUs: 4 total, 4 available
 Memory: 3526M
 Large Page Support: Disabled
 NUMA Support: Disabled
 Compressed Oops: Enabled (Zero based)
 Heap Region Size: 2M
 Heap Min Capacity: 8M
 Heap Initial Capacity: 56M
 Heap Max Capacity: 4G
 Pre-touch: Disabled
 Parallel Workers: 4
 Concurrent Workers: 1
 Concurrent Refinement Workers: 4
 Periodic GC: Disabled
Heap:
 garbage-first heap   total 559104K, used 237820K [0x0000000700000000, 0x0000000800000000)
  region size 2048K, 8 young (16384K), 2 survivors (4096K)
 Metaspace       used 127792K, committed 129280K, reserved 983040K
  class space    used 17265K, committed 17920K, reserved 851968K
GC Heap History (20 events):
Event: 914.874 GC heap before
{Heap before GC invocations=115 (full 0):
 garbage-first heap   total 329728K, used 206769K [0x0000000700000000, 0x0000000800000000)
  region size 2048K, 13 young (26624K), 3 survivors (6144K)
 Metaspace       used 121658K, committed 123136K, reserved 983040K
  class space    used 16662K, committed 17344K, reserved 851968K
}
Event: 914.920 GC heap after
{Heap after GC invocations=116 (full 0):
 garbage-first heap   total 329728K, used 189521K [0x0000000700000000, 0x0000000800000000)
  region size 2048K, 2 young (4096K), 2 survivors (4096K)
 Metaspace       used 121658K, committed 123136K, reserved 983040K
  class space    used 16662K, committed 17344K, reserved 851968K
}
Event: 928.073 GC heap before
{Heap before GC invocations=116 (full 0):
 garbage-first heap   total 329728K, used 253009K [0x0000000700000000, 0x0000000800000000)
  region size 2048K, 33 young (67584K), 2 survivors (4096K)
 Metaspace       used 123190K, committed 124608K, reserved 983040K
  class space    used 16849K, committed 17536K, reserved 851968K
}
Event: 928.154 GC heap after
{Heap after GC invocations=117 (full 0):
 garbage-first heap   total 329728K, used 195864K [0x0000000700000000, 0x0000000800000000)
  region size 2048K, 5 young (10240K), 5 survivors (10240K)
 Metaspace       used 123190K, committed 124608K, reserved 983040K
  class space    used 16849K, committed 17536K, reserved 851968K
}
Event: 950.359 GC heap before
{Heap before GC invocations=117 (full 0):
 garbage-first heap   total 329728K, used 214296K [0x0000000700000000, 0x0000000800000000)
  region size 2048K, 14 young (28672K), 5 survivors (10240K)
 Metaspace       used 123858K, committed 125376K, reserved 983040K
  class space    used 16968K, committed 17664K, reserved 851968K
}
Event: 950.485 GC heap after
{Heap after GC invocations=118 (full 0):
 garbage-first heap   total 329728K, used 197884K [0x0000000700000000, 0x0000000800000000)
  region size 2048K, 2 young (4096K), 2 survivors (4096K)
 Metaspace       used 123858K, committed 125376K, reserved 983040K
  class space    used 16968K, committed 17664K, reserved 851968K
}
Event: 1019.632 GC heap before
{Heap before GC invocations=118 (full 0):
 garbage-first heap   total 329728K, used 269564K [0x0000000700000000, 0x0000000800000000)
  region size 2048K, 38 young (77824K), 2 survivors (4096K)
 Metaspace       used 125074K, committed 126592K, reserved 983040K
  class space    used 17021K, committed 17728K, reserved 851968K
}
Event: 1019.883 GC heap after
{Heap after GC invocations=119 (full 0):
 garbage-first heap   total 329728K, used 202688K [0x0000000700000000, 0x0000000800000000)
  region size 2048K, 4 young (8192K), 4 survivors (8192K)
 Metaspace       used 125074K, committed 126592K, reserved 983040K
  class space    used 17021K, committed 17728K, reserved 851968K
}
Event: 1035.952 GC heap before
{Heap before GC invocations=119 (full 0):
 garbage-first heap   total 329728K, used 264128K [0x0000000700000000, 0x0000000800000000)
  region size 2048K, 34 young (69632K), 4 survivors (8192K)
 Metaspace       used 125078K, committed 126592K, reserved 983040K
  class space    used 17021K, committed 17728K, reserved 851968K
}
Event: 1037.210 GC heap after
{Heap after GC invocations=120 (full 0):
 garbage-first heap   total 329728K, used 205447K [0x0000000700000000, 0x0000000800000000)
  region size 2048K, 3 young (6144K), 3 survivors (6144K)
 Metaspace       used 125078K, committed 126592K, reserved 983040K
  class space    used 17021K, committed 17728K, reserved 851968K
}
Event: 1088.378 GC heap before
{Heap before GC invocations=121 (full 0):
 garbage-first heap   total 372736K, used 273031K [0x0000000700000000, 0x0000000800000000)
  region size 2048K, 37 young (75776K), 3 survivors (6144K)
 Metaspace       used 127330K, committed 128768K, reserved 983040K
  class space    used 17251K, committed 17920K, reserved 851968K
}
Event: 1089.312 GC heap after
{Heap after GC invocations=122 (full 0):
 garbage-first heap   total 448512K, used 211340K [0x0000000700000000, 0x0000000800000000)
  region size 2048K, 5 young (10240K), 5 survivors (10240K)
 Metaspace       used 127330K, committed 128768K, reserved 983040K
  class space    used 17251K, committed 17920K, reserved 851968K
}
Event: 1091.237 GC heap before
{Heap before GC invocations=122 (full 0):
 garbage-first heap   total 448512K, used 219532K [0x0000000700000000, 0x0000000800000000)
  region size 2048K, 10 young (20480K), 5 survivors (10240K)
 Metaspace       used 127418K, committed 128896K, reserved 983040K
  class space    used 17251K, committed 17920K, reserved 851968K
}
Event: 1091.312 GC heap after
{Heap after GC invocations=123 (full 0):
 garbage-first heap   total 448512K, used 214291K [0x0000000700000000, 0x0000000800000000)
  region size 2048K, 2 young (4096K), 2 survivors (4096K)
 Metaspace       used 127418K, committed 128896K, reserved 983040K
  class space    used 17251K, committed 17920K, reserved 851968K
}
Event: 1099.440 GC heap before
{Heap before GC invocations=123 (full 0):
 garbage-first heap   total 448512K, used 228627K [0x0000000700000000, 0x0000000800000000)
  region size 2048K, 10 young (20480K), 2 survivors (4096K)
 Metaspace       used 127492K, committed 128960K, reserved 983040K
  class space    used 17251K, committed 17920K, reserved 851968K
}
Event: 1099.896 GC heap after
{Heap after GC invocations=124 (full 0):
 garbage-first heap   total 448512K, used 221184K [0x0000000700000000, 0x0000000800000000)
  region size 2048K, 2 young (4096K), 2 survivors (4096K)
 Metaspace       used 127492K, committed 128960K, reserved 983040K
  class space    used 17251K, committed 17920K, reserved 851968K
}
Event: 1107.279 GC heap before
{Heap before GC invocations=124 (full 0):
 garbage-first heap   total 448512K, used 237568K [0x0000000700000000, 0x0000000800000000)
  region size 2048K, 10 young (20480K), 2 survivors (4096K)
 Metaspace       used 127604K, committed 129088K, reserved 983040K
  class space    used 17253K, committed 17920K, reserved 851968K
}
Event: 1107.501 GC heap after
{Heap after GC invocations=125 (full 0):
 garbage-first heap   total 448512K, used 226084K [0x0000000700000000, 0x0000000800000000)
  region size 2048K, 2 young (4096K), 2 survivors (4096K)
 Metaspace       used 127604K, committed 129088K, reserved 983040K
  class space    used 17253K, committed 17920K, reserved 851968K
}
Event: 1114.049 GC heap before
{Heap before GC invocations=125 (full 0):
 garbage-first heap   total 448512K, used 240420K [0x0000000700000000, 0x0000000800000000)
  region size 2048K, 10 young (20480K), 2 survivors (4096K)
 Metaspace       used 127739K, committed 129216K, reserved 983040K
  class space    used 17259K, committed 17920K, reserved 851968K
}
Event: 1114.131 GC heap after
{Heap after GC invocations=126 (full 0):
 garbage-first heap   total 559104K, used 227580K [0x0000000700000000, 0x0000000800000000)
  region size 2048K, 2 young (4096K), 2 survivors (4096K)
 Metaspace       used 127739K, committed 129216K, reserved 983040K
  class space    used 17259K, committed 17920K, reserved 851968K
}

