# JRE version: OpenJDK Runtime Environment Temurin-17.0.11+9 (17.0.11+9) (build 17.0.11+9)
# Java VM: OpenJDK 64-Bit Server VM Temurin-17.0.11+9 (17.0.11+9, mixed mode, sharing, tiered, compressed oops, compressed class ptrs, g1 gc, windows-amd64)
GC Precious Log:
 CPUs: 4 total, 4 available
 Memory: 3526M
 Large Page Support: Disabled
 NUMA Support: Disabled
 Compressed Oops: Enabled (32-bit)
 Heap Region Size: 1M
 Heap Min Capacity: 8M
 Heap Initial Capacity: 56M
 Heap Max Capacity: 1536M
 Pre-touch: Disabled
 Parallel Workers: 4
 Concurrent Workers: 1
 Concurrent Refinement Workers: 4
 Periodic GC: Disabled
Heap:
 garbage-first heap   total 57344K, used 31635K [0x00000000a0000000, 0x0000000100000000)
  region size 1024K, 13 young (13312K), 2 survivors (2048K)
 Metaspace       used 16995K, committed 17280K, reserved 491520K
  class space    used 2388K, committed 2560K, reserved 425984K
GC Heap History (14 events):
Event: 2.586 GC heap before
{Heap before GC invocations=0 (full 0):
 garbage-first heap   total 57344K, used 12288K [0x00000000a0000000, 0x0000000100000000)
  region size 1024K, 13 young (13312K), 0 survivors (0K)
 Metaspace       used 769K, committed 896K, reserved 491520K
  class space    used 61K, committed 128K, reserved 425984K
}
Event: 2.597 GC heap after
{Heap after GC invocations=1 (full 0):
 garbage-first heap   total 57344K, used 1240K [0x00000000a0000000, 0x0000000100000000)
  region size 1024K, 2 young (2048K), 2 survivors (2048K)
 Metaspace       used 769K, committed 896K, reserved 491520K
  class space    used 61K, committed 128K, reserved 425984K
}
Event: 4.511 GC heap before
{Heap before GC invocations=1 (full 0):
 garbage-first heap   total 57344K, used 22744K [0x00000000a0000000, 0x0000000100000000)
  region size 1024K, 20 young (20480K), 2 survivors (2048K)
 Metaspace       used 1936K, committed 2112K, reserved 491520K
  class space    used 194K, committed 320K, reserved 425984K
}
Event: 4.521 GC heap after
{Heap after GC invocations=2 (full 0):
 garbage-first heap   total 57344K, used 9703K [0x00000000a0000000, 0x0000000100000000)
  region size 1024K, 3 young (3072K), 3 survivors (3072K)
 Metaspace       used 1936K, committed 2112K, reserved 491520K
  class space    used 194K, committed 320K, reserved 425984K
}
Event: 11.216 GC heap before
{Heap before GC invocations=2 (full 0):
 garbage-first heap   total 57344K, used 39399K [0x00000000a0000000, 0x0000000100000000)
  region size 1024K, 32 young (32768K), 3 survivors (3072K)
 Metaspace       used 4449K, committed 4608K, reserved 491520K
  class space    used 548K, committed 640K, reserved 425984K
}
Event: 11.226 GC heap after
{Heap after GC invocations=3 (full 0):
 garbage-first heap   total 57344K, used 11301K [0x00000000a0000000, 0x0000000100000000)
  region size 1024K, 2 young (2048K), 2 survivors (2048K)
 Metaspace       used 4449K, committed 4608K, reserved 491520K
  class space    used 548K, committed 640K, reserved 425984K
}
Event: 12.984 GC heap before
{Heap before GC invocations=3 (full 0):
 garbage-first heap   total 57344K, used 39973K [0x00000000a0000000, 0x0000000100000000)
  region size 1024K, 29 young (29696K), 2 survivors (2048K)
 Metaspace       used 4490K, committed 4672K, reserved 491520K
  class space    used 548K, committed 640K, reserved 425984K
}
Event: 12.990 GC heap after
{Heap after GC invocations=4 (full 0):
 garbage-first heap   total 57344K, used 13611K [0x00000000a0000000, 0x0000000100000000)
  region size 1024K, 3 young (3072K), 3 survivors (3072K)
 Metaspace       used 4490K, committed 4672K, reserved 491520K
  class space    used 548K, committed 640K, reserved 425984K
}
Event: 16.880 GC heap before
{Heap before GC invocations=4 (full 0):
 garbage-first heap   total 57344K, used 42283K [0x00000000a0000000, 0x0000000100000000)
  region size 1024K, 30 young (30720K), 3 survivors (3072K)
 Metaspace       used 7587K, committed 7744K, reserved 491520K
  class space    used 1021K, committed 1088K, reserved 425984K
}
Event: 16.888 GC heap after
{Heap after GC invocations=5 (full 0):
 garbage-first heap   total 57344K, used 18076K [0x00000000a0000000, 0x0000000100000000)
  region size 1024K, 4 young (4096K), 4 survivors (4096K)
 Metaspace       used 7587K, committed 7744K, reserved 491520K
  class space    used 1021K, committed 1088K, reserved 425984K
}
Event: 23.591 GC heap before
{Heap before GC invocations=5 (full 0):
 garbage-first heap   total 57344K, used 40604K [0x00000000a0000000, 0x0000000100000000)
  region size 1024K, 27 young (27648K), 4 survivors (4096K)
 Metaspace       used 12562K, committed 12800K, reserved 491520K
  class space    used 1675K, committed 1792K, reserved 425984K
}
Event: 23.603 GC heap after
{Heap after GC invocations=6 (full 0):
 garbage-first heap   total 57344K, used 20341K [0x00000000a0000000, 0x0000000100000000)
  region size 1024K, 3 young (3072K), 3 survivors (3072K)
 Metaspace       used 12562K, committed 12800K, reserved 491520K
  class space    used 1675K, committed 1792K, reserved 425984K
}
Event: 29.928 GC heap before
{Heap before GC invocations=6 (full 0):
 garbage-first heap   total 57344K, used 41845K [0x00000000a0000000, 0x0000000100000000)
  region size 1024K, 24 young (24576K), 3 survivors (3072K)
 Metaspace       used 15775K, committed 16064K, reserved 491520K
  class space    used 2177K, committed 2304K, reserved 425984K
}
Event: 29.939 GC heap after
{Heap after GC invocations=7 (full 0):
 garbage-first heap   total 57344K, used 21395K [0x00000000a0000000, 0x0000000100000000)
  region size 1024K, 2 young (2048K), 2 survivors (2048K)
 Metaspace       used 15775K, committed 16064K, reserved 491520K
  class space    used 2177K, committed 2304K, reserved 425984K
}

